2026-02-04 10:10:37 - expert_system - INFO - Запуск экспертной системы извлечения металлов
2026-02-04 10:10:38 - expert_system - INFO - База данных инициализирована
2026-02-04 10:10:38 - expert_system - INFO - Выполнен запрос: 
            SELECT batch_id, extraction_date, ext...
2026-02-04 11:54:37 - expert_system - INFO - Запуск экспертной системы извлечения металлов
2026-02-04 11:54:37 - expert_system - INFO - База данных инициализирована
2026-02-04 11:54:38 - expert_system - INFO - Выполнен запрос: 
            SELECT batch_id, extraction_date, ext...
2026-02-04 13:15:22 - expert_system - INFO - База данных инициализирована
2026-02-04 13:15:22 - expert_system - INFO - Выполнен запрос: SELECT * FROM batches...
2026-02-04 13:16:21 - expert_system - INFO - База данных инициализирована
2026-02-04 13:16:21 - expert_system - INFO - Выполнен запрос: SELECT * FROM batches...
2026-02-04 15:41:21 - expert_system - INFO - База данных инициализирована
2026-02-04 15:41:21 - expert_system - INFO - Выполнен запрос: SELECT * FROM batches...
2026-02-04 15:43:51 - expert_system - INFO - База данных инициализирована
2026-02-04 15:43:51 - expert_system - INFO - Выполнен запрос: SELECT batch_id, extraction_date FROM batches...
2026-02-04 15:44:25 - expert_system - INFO - Запуск экспертной системы извлечения металлов
2026-02-04 15:44:25 - expert_system - INFO - База данных инициализирована
2026-02-04 15:44:25 - expert_system - INFO - Выполнен запрос: 
            SELECT batch_id, extraction_date, ext...
2026-02-04 15:44:37 - expert_system - ERROR - Ошибка выполнения запроса: Execution failed on sql 'SELECT * from process': no such table: process
2026-02-04 15:44:55 - expert_system - INFO - Выполнен запрос: SELECT * FROM batches WHERE batch_id = 'TT1'...
2026-02-04 15:44:55 - expert_system - WARNING - Файл модели не найден
2026-02-04 15:44:56 - expert_system - INFO - Выполнен запрос: SELECT * from process_data...
2026-02-04 15:45:25 - expert_system - INFO - Выполнен запрос: SELECT * FROM batches WHERE batch_id = 'TT1'...
2026-02-04 15:45:25 - expert_system - WARNING - Файл модели не найден
2026-02-04 15:50:12 - expert_system - INFO - Запуск экспертной системы извлечения металлов
2026-02-04 15:50:12 - expert_system - INFO - База данных инициализирована
2026-02-04 15:50:12 - expert_system - INFO - Выполнен запрос: 
            SELECT batch_id, extraction_date, ext...
2026-02-04 15:50:30 - expert_system - INFO - Выполнен запрос: SELECT * FROM process_data...
2026-02-04 15:50:42 - expert_system - INFO - Выполнен запрос: SELECT * FROM batches WHERE batch_id = 'TT1'...
2026-02-04 15:50:42 - expert_system - WARNING - Файл модели не найден
2026-02-04 15:50:49 - expert_system - INFO - Выполнен запрос: SELECT * FROM batches...
2026-02-04 15:51:12 - expert_system - INFO - Выполнен запрос: SELECT * FROM batches WHERE batch_id = 'TT1'...
2026-02-04 15:51:12 - expert_system - WARNING - Файл модели не найден
2026-02-04 15:51:42 - expert_system - INFO - Выполнен запрос: SELECT * FROM batches WHERE batch_id = 'TT1'...
2026-02-04 15:51:42 - expert_system - WARNING - Файл модели не найден
2026-02-04 15:52:12 - expert_system - INFO - Выполнен запрос: SELECT * FROM batches WHERE batch_id = 'TT1'...
2026-02-04 15:52:12 - expert_system - WARNING - Файл модели не найден
2026-02-04 15:52:42 - expert_system - INFO - Выполнен запрос: SELECT * FROM batches WHERE batch_id = 'TT1'...
2026-02-04 15:52:42 - expert_system - WARNING - Файл модели не найден
2026-02-04 15:53:12 - expert_system - INFO - Выполнен запрос: SELECT * FROM batches WHERE batch_id = 'TT1'...
2026-02-04 15:53:12 - expert_system - WARNING - Файл модели не найден
2026-02-04 15:53:42 - expert_system - INFO - Выполнен запрос: SELECT * FROM batches WHERE batch_id = 'TT1'...
2026-02-04 15:53:42 - expert_system - WARNING - Файл модели не найден
2026-02-04 15:54:12 - expert_system - INFO - Выполнен запрос: SELECT * FROM batches WHERE batch_id = 'TT1'...
2026-02-04 15:54:12 - expert_system - WARNING - Файл модели не найден
2026-02-04 15:54:42 - expert_system - INFO - Выполнен запрос: SELECT * FROM batches WHERE batch_id = 'TT1'...
2026-02-04 15:54:42 - expert_system - WARNING - Файл модели не найден
2026-02-04 15:55:12 - expert_system - INFO - Выполнен запрос: SELECT * FROM batches WHERE batch_id = 'TT1'...
2026-02-04 15:55:12 - expert_system - WARNING - Файл модели не найден
2026-02-04 15:55:42 - expert_system - INFO - Выполнен запрос: SELECT * FROM batches WHERE batch_id = 'TT1'...
2026-02-04 15:55:42 - expert_system - WARNING - Файл модели не найден
2026-02-04 15:56:12 - expert_system - INFO - Выполнен запрос: SELECT * FROM batches WHERE batch_id = 'TT1'...
2026-02-04 15:56:12 - expert_system - WARNING - Файл модели не найден
2026-02-04 15:56:42 - expert_system - INFO - Выполнен запрос: SELECT * FROM batches WHERE batch_id = 'TT1'...
2026-02-04 15:56:42 - expert_system - WARNING - Файл модели не найден
2026-02-04 15:57:12 - expert_system - INFO - Выполнен запрос: SELECT * FROM batches WHERE batch_id = 'TT1'...
2026-02-04 15:57:12 - expert_system - WARNING - Файл модели не найден
2026-02-04 15:57:44 - expert_system - INFO - База данных инициализирована
2026-02-04 15:58:48 - expert_system - INFO - База данных инициализирована
2026-02-04 15:58:48 - expert_system - INFO - Выполнен запрос: SELECT batch_id, extraction_date, sulfate_number F...
2026-02-04 15:58:58 - expert_system - INFO - Запуск экспертной системы извлечения металлов
2026-02-04 15:58:58 - expert_system - INFO - База данных инициализирована
2026-02-04 15:58:58 - expert_system - INFO - Выполнен запрос: 
            SELECT batch_id, extraction_date, ext...
2026-02-04 15:59:28 - expert_system - INFO - Выполнен запрос: SELECT * FROM batches WHERE batch_id = 'TT1'...
2026-02-04 15:59:28 - expert_system - WARNING - Файл модели не найден
2026-02-04 15:59:58 - expert_system - INFO - Выполнен запрос: SELECT * FROM batches WHERE batch_id = 'TT1'...
2026-02-04 15:59:58 - expert_system - WARNING - Файл модели не найден
2026-02-04 16:00:28 - expert_system - INFO - Выполнен запрос: SELECT * FROM batches WHERE batch_id = 'TT1'...
2026-02-04 16:00:28 - expert_system - WARNING - Файл модели не найден
2026-02-04 16:00:58 - expert_system - INFO - Выполнен запрос: SELECT * FROM batches WHERE batch_id = 'TT1'...
2026-02-04 16:00:58 - expert_system - WARNING - Файл модели не найден
2026-02-04 16:01:28 - expert_system - INFO - Выполнен запрос: SELECT * FROM batches WHERE batch_id = 'TT1'...
2026-02-04 16:01:28 - expert_system - WARNING - Файл модели не найден
2026-02-04 16:01:58 - expert_system - INFO - Выполнен запрос: SELECT * FROM batches WHERE batch_id = 'TT1'...
2026-02-04 16:01:58 - expert_system - WARNING - Файл модели не найден
2026-02-04 16:08:16 - expert_system - INFO - База данных инициализирована
2026-02-04 16:08:25 - expert_system - INFO - База данных инициализирована
2026-02-04 16:08:25 - expert_system - INFO - Выполнен запрос: SELECT batch_id, extraction_date, sulfate_number F...
