2026-02-06 10:38:59 - expert_system - INFO - База данных инициализирована
2026-02-06 10:50:45 - expert_system.recommender - INFO - --- Запуск поиска эталонной партии ---
2026-02-06 10:50:45 - expert_system.recommender - INFO - Входные данные: Масса=1042.08кг, Ni=1.57%, Pd=33.62%
2026-02-06 10:50:45 - expert_system.recommender - DEBUG - Партия TT1 отклонена: 4+ несовпадения (ni_percent, cu_percent, pt_percent, pd_percent, sio2_percent, c_percent, se_percent)
2026-02-06 10:50:45 - expert_system.recommender - DEBUG - Партия P-2024-002 отклонена: 4+ несовпадения (ni_percent, cu_percent, pt_percent, pd_percent, sio2_percent, se_percent)
2026-02-06 10:50:45 - expert_system.recommender - DEBUG - Партия P-2024-006 отклонена: 4+ несовпадения (ni_percent, pt_percent, pd_percent, sio2_percent, se_percent)
2026-02-06 10:50:45 - expert_system.recommender - INFO - Всего в БД: 7
2026-02-06 10:50:45 - expert_system.recommender - INFO - Отсеяно по массе (>5%): 3
2026-02-06 10:50:45 - expert_system.recommender - INFO - Отсеяно по химии (>3 элементов): 3
2026-02-06 10:50:45 - expert_system.recommender - INFO - Найдено подходящих кандидатов: 1
2026-02-06 10:50:45 - expert_system.recommender - INFO - ВЫБРАНА ЭТАЛОННАЯ ПАРТИЯ: P-2024-001 (Извлечение: 93.08%)
2026-02-06 10:50:45 - expert_system.recommender - INFO - ---------------------------------------
2026-02-06 11:05:16 - expert_system - INFO - База данных инициализирована
2026-02-06 11:07:09 - expert_system - INFO - База данных инициализирована
2026-02-06 11:15:34 - expert_system - INFO - База данных инициализирована
2026-02-06 11:15:40 - expert_system.recommender - INFO - --- Запуск поиска эталонной партии ---
2026-02-06 11:15:40 - expert_system.recommender - INFO - Входные данные: Масса=1042.08кг, Ni=1.57%, Pd=33.62%
2026-02-06 11:15:40 - expert_system.recommender - DEBUG - Партия TT1 отклонена: 4+ несовпадения (ni_percent, cu_percent, pt_percent, pd_percent, sio2_percent, c_percent, se_percent)
2026-02-06 11:15:40 - expert_system.recommender - DEBUG - Партия P-2024-002 отклонена: 4+ несовпадения (ni_percent, cu_percent, pt_percent, pd_percent, sio2_percent, se_percent)
2026-02-06 11:15:40 - expert_system.recommender - DEBUG - Партия P-2024-006 отклонена: 4+ несовпадения (ni_percent, pt_percent, pd_percent, sio2_percent, se_percent)
2026-02-06 11:15:40 - expert_system.recommender - INFO - Всего в БД: 7
2026-02-06 11:15:40 - expert_system.recommender - INFO - Отсеяно по массе (>5%): 3
2026-02-06 11:15:40 - expert_system.recommender - INFO - Отсеяно по химии (>3 элементов): 3
2026-02-06 11:15:40 - expert_system.recommender - INFO - Найдено подходящих кандидатов: 1
2026-02-06 11:15:40 - expert_system.recommender - INFO - ВЫБРАНА ЭТАЛОННАЯ ПАРТИЯ: P-2024-001 (Извлечение: 93.08%)
2026-02-06 11:15:40 - expert_system.recommender - INFO - ---------------------------------------
2026-02-06 11:18:55 - expert_system - INFO - База данных инициализирована
2026-02-06 11:19:00 - expert_system.recommender - INFO - --- Запуск поиска эталонной партии ---
2026-02-06 11:19:00 - expert_system.recommender - INFO - Входные данные: Масса=1042.08кг, Ni=1.57%, Pd=33.62%
2026-02-06 11:19:00 - expert_system.recommender - DEBUG - Партия TT1 отклонена: 4+ несовпадения (ni_percent, cu_percent, pt_percent, pd_percent, sio2_percent, c_percent, se_percent)
2026-02-06 11:19:00 - expert_system.recommender - DEBUG - Партия P-2024-002 отклонена: 4+ несовпадения (ni_percent, cu_percent, pt_percent, pd_percent, sio2_percent, se_percent)
2026-02-06 11:19:00 - expert_system.recommender - DEBUG - Партия P-2024-006 отклонена: 4+ несовпадения (ni_percent, pt_percent, pd_percent, sio2_percent, se_percent)
2026-02-06 11:19:00 - expert_system.recommender - INFO - Всего в БД: 7
2026-02-06 11:19:00 - expert_system.recommender - INFO - Отсеяно по массе (>5%): 3
2026-02-06 11:19:00 - expert_system.recommender - INFO - Отсеяно по химии (>3 элементов): 3
2026-02-06 11:19:00 - expert_system.recommender - INFO - Найдено подходящих кандидатов: 1
2026-02-06 11:19:00 - expert_system.recommender - INFO - ВЫБРАНА ЭТАЛОННАЯ ПАРТИЯ: P-2024-001 (Извлечение: 93.08%)
2026-02-06 11:19:00 - expert_system.recommender - INFO - ---------------------------------------
2026-02-06 11:43:22 - expert_system - INFO - База данных инициализирована
2026-02-06 11:43:39 - expert_system - INFO - База данных инициализирована
2026-02-06 11:43:42 - expert_system.recommender - INFO - --- Запуск поиска эталонной партии ---
2026-02-06 11:43:42 - expert_system.recommender - INFO - Входные данные: Масса=1042.08кг, Ni=1.57%, Pd=33.62%
2026-02-06 11:43:42 - expert_system.recommender - DEBUG - Партия TT1 отклонена: 4+ несовпадения (ni_percent, cu_percent, pt_percent, pd_percent, sio2_percent, c_percent, se_percent)
2026-02-06 11:43:42 - expert_system.recommender - DEBUG - Партия P-2024-002 отклонена: 4+ несовпадения (ni_percent, cu_percent, pt_percent, pd_percent, sio2_percent, se_percent)
2026-02-06 11:43:42 - expert_system.recommender - DEBUG - Партия P-2024-006 отклонена: 4+ несовпадения (ni_percent, pt_percent, pd_percent, sio2_percent, se_percent)
2026-02-06 11:43:42 - expert_system.recommender - INFO - Всего в БД: 7
2026-02-06 11:43:42 - expert_system.recommender - INFO - Отсеяно по массе (>5%): 3
2026-02-06 11:43:42 - expert_system.recommender - INFO - Отсеяно по химии (>3 элементов): 3
2026-02-06 11:43:42 - expert_system.recommender - INFO - Найдено подходящих кандидатов: 1
2026-02-06 11:43:42 - expert_system.recommender - INFO - ВЫБРАНА ЭТАЛОННАЯ ПАРТИЯ: P-2024-001 (Извлечение: 93.08%)
2026-02-06 11:43:42 - expert_system.recommender - INFO - ---------------------------------------
2026-02-06 11:47:59 - expert_system - INFO - База данных инициализирована
2026-02-06 11:48:19 - expert_system - INFO - База данных инициализирована
2026-02-06 11:48:21 - expert_system.recommender - INFO - --- Запуск поиска эталонной партии ---
2026-02-06 11:48:21 - expert_system.recommender - INFO - Входные данные: Масса=1042.08кг, Ni=1.57%, Pd=33.62%
2026-02-06 11:48:21 - expert_system.recommender - DEBUG - Партия TT1 отклонена: 4+ несовпадения (ni_percent, cu_percent, pt_percent, pd_percent, sio2_percent, c_percent, se_percent)
2026-02-06 11:48:21 - expert_system.recommender - DEBUG - Партия P-2024-002 отклонена: 4+ несовпадения (ni_percent, cu_percent, pt_percent, pd_percent, sio2_percent, se_percent)
2026-02-06 11:48:21 - expert_system.recommender - DEBUG - Партия P-2024-006 отклонена: 4+ несовпадения (ni_percent, pt_percent, pd_percent, sio2_percent, se_percent)
2026-02-06 11:48:21 - expert_system.recommender - INFO - Всего в БД: 7
2026-02-06 11:48:21 - expert_system.recommender - INFO - Отсеяно по массе (>5%): 3
2026-02-06 11:48:21 - expert_system.recommender - INFO - Отсеяно по химии (>3 элементов): 3
2026-02-06 11:48:21 - expert_system.recommender - INFO - Найдено подходящих кандидатов: 1
2026-02-06 11:48:21 - expert_system.recommender - INFO - ВЫБРАНА ЭТАЛОННАЯ ПАРТИЯ: P-2024-001 (Извлечение: 93.08%)
2026-02-06 11:48:21 - expert_system.recommender - INFO - ---------------------------------------
2026-02-06 12:12:15 - expert_system - INFO - База данных инициализирована
2026-02-06 12:12:17 - expert_system.recommender - INFO - --- Запуск поиска эталонной партии ---
2026-02-06 12:12:17 - expert_system.recommender - INFO - Входные данные: Масса=1042.08кг, Ni=1.57%, Pd=33.62%
2026-02-06 12:12:17 - expert_system.recommender - DEBUG - Партия TT1 отклонена: 4+ несовпадения (ni_percent, cu_percent, pt_percent, pd_percent, sio2_percent, c_percent, se_percent)
2026-02-06 12:12:17 - expert_system.recommender - DEBUG - Партия P-2024-002 отклонена: 4+ несовпадения (ni_percent, cu_percent, pt_percent, pd_percent, sio2_percent, se_percent)
2026-02-06 12:12:17 - expert_system.recommender - DEBUG - Партия P-2024-006 отклонена: 4+ несовпадения (ni_percent, pt_percent, pd_percent, sio2_percent, se_percent)
2026-02-06 12:12:17 - expert_system.recommender - INFO - Всего в БД: 7
2026-02-06 12:12:17 - expert_system.recommender - INFO - Отсеяно по массе (>5%): 3
2026-02-06 12:12:17 - expert_system.recommender - INFO - Отсеяно по химии (>3 элементов): 3
2026-02-06 12:12:17 - expert_system.recommender - INFO - Найдено подходящих кандидатов: 1
2026-02-06 12:12:17 - expert_system.recommender - INFO - ВЫБРАНА ЭТАЛОННАЯ ПАРТИЯ: P-2024-001 (Извлечение: 93.08%)
2026-02-06 12:12:17 - expert_system.recommender - INFO - ---------------------------------------
2026-02-06 12:13:41 - expert_system - INFO - База данных инициализирована
2026-02-06 12:14:13 - expert_system.recommender - INFO - --- Запуск поиска эталонной партии ---
2026-02-06 12:14:13 - expert_system.recommender - INFO - Входные данные: Масса=1042.08кг, Ni=1.57%, Pd=33.62%
2026-02-06 12:14:13 - expert_system.recommender - DEBUG - Партия TT1 отклонена: 4+ несовпадения (ni_percent, cu_percent, pt_percent, pd_percent, sio2_percent, c_percent, se_percent)
2026-02-06 12:14:13 - expert_system.recommender - DEBUG - Партия P-2024-002 отклонена: 4+ несовпадения (ni_percent, cu_percent, pt_percent, pd_percent, sio2_percent, se_percent)
2026-02-06 12:14:13 - expert_system.recommender - DEBUG - Партия P-2024-006 отклонена: 4+ несовпадения (ni_percent, pt_percent, pd_percent, sio2_percent, se_percent)
2026-02-06 12:14:13 - expert_system.recommender - INFO - Всего в БД: 7
2026-02-06 12:14:13 - expert_system.recommender - INFO - Отсеяно по массе (>5%): 3
2026-02-06 12:14:13 - expert_system.recommender - INFO - Отсеяно по химии (>3 элементов): 3
2026-02-06 12:14:13 - expert_system.recommender - INFO - Найдено подходящих кандидатов: 1
2026-02-06 12:14:13 - expert_system.recommender - INFO - ВЫБРАНА ЭТАЛОННАЯ ПАРТИЯ: P-2024-001 (Извлечение: 93.08%)
2026-02-06 12:14:13 - expert_system.recommender - INFO - ---------------------------------------
2026-02-06 12:16:15 - expert_system - INFO - База данных инициализирована
2026-02-06 12:16:17 - expert_system.recommender - INFO - --- Запуск поиска эталонной партии ---
2026-02-06 12:16:17 - expert_system.recommender - INFO - Входные данные: Масса=1042.08кг, Ni=1.57%, Pd=33.62%
2026-02-06 12:16:17 - expert_system.recommender - DEBUG - Партия TT1 отклонена: 4+ несовпадения (ni_percent, cu_percent, pt_percent, pd_percent, sio2_percent, c_percent, se_percent)
2026-02-06 12:16:17 - expert_system.recommender - DEBUG - Партия P-2024-002 отклонена: 4+ несовпадения (ni_percent, cu_percent, pt_percent, pd_percent, sio2_percent, se_percent)
2026-02-06 12:16:17 - expert_system.recommender - DEBUG - Партия P-2024-006 отклонена: 4+ несовпадения (ni_percent, pt_percent, pd_percent, sio2_percent, se_percent)
2026-02-06 12:16:17 - expert_system.recommender - INFO - Всего в БД: 7
2026-02-06 12:16:17 - expert_system.recommender - INFO - Отсеяно по массе (>5%): 3
2026-02-06 12:16:17 - expert_system.recommender - INFO - Отсеяно по химии (>3 элементов): 3
2026-02-06 12:16:17 - expert_system.recommender - INFO - Найдено подходящих кандидатов: 1
2026-02-06 12:16:17 - expert_system.recommender - INFO - ВЫБРАНА ЭТАЛОННАЯ ПАРТИЯ: P-2024-001 (Извлечение: 93.08%)
2026-02-06 12:16:17 - expert_system.recommender - INFO - ---------------------------------------
2026-02-06 12:16:46 - expert_system - INFO - База данных инициализирована
2026-02-06 12:17:51 - expert_system - INFO - База данных инициализирована
2026-02-06 12:17:53 - expert_system.recommender - INFO - --- Запуск поиска эталонной партии ---
2026-02-06 12:17:53 - expert_system.recommender - INFO - Входные данные: Масса=1042.08кг, Ni=1.57%, Pd=33.62%
2026-02-06 12:17:53 - expert_system.recommender - DEBUG - Партия TT1 отклонена: 4+ несовпадения (ni_percent, cu_percent, pt_percent, pd_percent, sio2_percent, c_percent, se_percent)
2026-02-06 12:17:53 - expert_system.recommender - DEBUG - Партия P-2024-002 отклонена: 4+ несовпадения (ni_percent, cu_percent, pt_percent, pd_percent, sio2_percent, se_percent)
2026-02-06 12:17:53 - expert_system.recommender - DEBUG - Партия P-2024-006 отклонена: 4+ несовпадения (ni_percent, pt_percent, pd_percent, sio2_percent, se_percent)
2026-02-06 12:17:53 - expert_system.recommender - INFO - Всего в БД: 7
2026-02-06 12:17:53 - expert_system.recommender - INFO - Отсеяно по массе (>5%): 3
2026-02-06 12:17:53 - expert_system.recommender - INFO - Отсеяно по химии (>3 элементов): 3
2026-02-06 12:17:53 - expert_system.recommender - INFO - Найдено подходящих кандидатов: 1
2026-02-06 12:17:53 - expert_system.recommender - INFO - ВЫБРАНА ЭТАЛОННАЯ ПАРТИЯ: P-2024-001 (Извлечение: 93.08%)
2026-02-06 12:17:53 - expert_system.recommender - INFO - ---------------------------------------
2026-02-06 12:20:39 - expert_system - INFO - Запуск обновления уровня электродов...
2026-02-06 12:20:39 - expert_system - INFO - База данных инициализирована
2026-02-06 12:20:39 - expert_system - INFO - Найдено партий для обновления: 7
2026-02-06 12:20:39 - expert_system - ERROR - Произошла ошибка при обновлении: no such column: lte
2026-02-06 12:20:39 - expert_system - INFO - Процесс обновления завершен.
2026-02-06 12:24:02 - expert_system - INFO - База данных инициализирована
2026-02-06 12:30:15 - expert_system - INFO - Запуск обновления позиций электродов...
2026-02-06 12:30:15 - expert_system - INFO - База данных инициализирована
2026-02-06 12:30:15 - expert_system - INFO - Найдено партий для обновления: 7
2026-02-06 12:30:15 - expert_system - INFO - Партия P-2024-001: установлено значение 25.8 (строк: 1800)
2026-02-06 12:30:15 - expert_system - INFO - Партия P-2024-002: установлено значение 25.37 (строк: 1800)
2026-02-06 12:30:15 - expert_system - INFO - Партия P-2024-003: установлено значение 24.86 (строк: 1800)
2026-02-06 12:30:15 - expert_system - INFO - Партия P-2024-004: установлено значение 24.95 (строк: 1800)
2026-02-06 12:30:15 - expert_system - INFO - Партия P-2024-005: установлено значение 24.54 (строк: 1800)
2026-02-06 12:30:15 - expert_system - INFO - Партия P-2024-006: установлено значение 23.7 (строк: 1800)
2026-02-06 12:30:15 - expert_system - INFO - Партия TT1: установлено значение 24.34 (строк: 1800)
2026-02-06 12:30:16 - expert_system - INFO - Обновление завершено успешно. Всего затронуто строк: 12600
2026-02-06 12:30:27 - expert_system - INFO - База данных инициализирована
2026-02-06 12:30:29 - expert_system.recommender - INFO - --- Запуск поиска эталонной партии ---
2026-02-06 12:30:29 - expert_system.recommender - INFO - Входные данные: Масса=1042.08кг, Ni=1.57%, Pd=33.62%
2026-02-06 12:30:29 - expert_system.recommender - DEBUG - Партия TT1 отклонена: 4+ несовпадения (ni_percent, cu_percent, pt_percent, pd_percent, sio2_percent, c_percent, se_percent)
2026-02-06 12:30:29 - expert_system.recommender - DEBUG - Партия P-2024-002 отклонена: 4+ несовпадения (ni_percent, cu_percent, pt_percent, pd_percent, sio2_percent, se_percent)
2026-02-06 12:30:29 - expert_system.recommender - DEBUG - Партия P-2024-006 отклонена: 4+ несовпадения (ni_percent, pt_percent, pd_percent, sio2_percent, se_percent)
2026-02-06 12:30:29 - expert_system.recommender - INFO - Всего в БД: 7
2026-02-06 12:30:29 - expert_system.recommender - INFO - Отсеяно по массе (>5%): 3
2026-02-06 12:30:29 - expert_system.recommender - INFO - Отсеяно по химии (>3 элементов): 3
2026-02-06 12:30:29 - expert_system.recommender - INFO - Найдено подходящих кандидатов: 1
2026-02-06 12:30:29 - expert_system.recommender - INFO - ВЫБРАНА ЭТАЛОННАЯ ПАРТИЯ: P-2024-001 (Извлечение: 93.08%)
2026-02-06 12:30:29 - expert_system.recommender - INFO - ---------------------------------------
2026-02-06 12:37:00 - expert_system - INFO - База данных инициализирована
2026-02-06 12:37:01 - expert_system.recommender - INFO - --- Запуск поиска эталонной партии ---
2026-02-06 12:37:01 - expert_system.recommender - INFO - Входные данные: Масса=1042.08кг, Ni=1.57%, Pd=33.62%
2026-02-06 12:37:01 - expert_system.recommender - DEBUG - Партия TT1 отклонена: 4+ несовпадения (ni_percent, cu_percent, pt_percent, pd_percent, sio2_percent, c_percent, se_percent)
2026-02-06 12:37:01 - expert_system.recommender - DEBUG - Партия P-2024-002 отклонена: 4+ несовпадения (ni_percent, cu_percent, pt_percent, pd_percent, sio2_percent, se_percent)
2026-02-06 12:37:01 - expert_system.recommender - DEBUG - Партия P-2024-006 отклонена: 4+ несовпадения (ni_percent, pt_percent, pd_percent, sio2_percent, se_percent)
2026-02-06 12:37:01 - expert_system.recommender - INFO - Всего в БД: 7
2026-02-06 12:37:01 - expert_system.recommender - INFO - Отсеяно по массе (>5%): 3
2026-02-06 12:37:01 - expert_system.recommender - INFO - Отсеяно по химии (>3 элементов): 3
2026-02-06 12:37:01 - expert_system.recommender - INFO - Найдено подходящих кандидатов: 1
2026-02-06 12:37:01 - expert_system.recommender - INFO - ВЫБРАНА ЭТАЛОННАЯ ПАРТИЯ: P-2024-001 (Извлечение: 93.08%)
2026-02-06 12:37:01 - expert_system.recommender - INFO - ---------------------------------------
2026-02-06 12:42:06 - expert_system - INFO - База данных инициализирована
2026-02-06 12:42:08 - expert_system.recommender - INFO - --- Запуск поиска эталонной партии ---
2026-02-06 12:42:08 - expert_system.recommender - INFO - Входные данные: Масса=1042.08кг, Ni=1.57%, Pd=33.62%
2026-02-06 12:42:08 - expert_system.recommender - DEBUG - Партия TT1 отклонена: 4+ несовпадения (ni_percent, cu_percent, pt_percent, pd_percent, sio2_percent, c_percent, se_percent)
2026-02-06 12:42:08 - expert_system.recommender - DEBUG - Партия P-2024-002 отклонена: 4+ несовпадения (ni_percent, cu_percent, pt_percent, pd_percent, sio2_percent, se_percent)
2026-02-06 12:42:08 - expert_system.recommender - DEBUG - Партия P-2024-006 отклонена: 4+ несовпадения (ni_percent, pt_percent, pd_percent, sio2_percent, se_percent)
2026-02-06 12:42:08 - expert_system.recommender - INFO - Всего в БД: 7
2026-02-06 12:42:08 - expert_system.recommender - INFO - Отсеяно по массе (>5%): 3
2026-02-06 12:42:08 - expert_system.recommender - INFO - Отсеяно по химии (>3 элементов): 3
2026-02-06 12:42:08 - expert_system.recommender - INFO - Найдено подходящих кандидатов: 1
2026-02-06 12:42:08 - expert_system.recommender - INFO - ВЫБРАНА ЭТАЛОННАЯ ПАРТИЯ: P-2024-001 (Извлечение: 93.08%)
2026-02-06 12:42:08 - expert_system.recommender - INFO - ---------------------------------------
2026-02-06 12:43:07 - expert_system - INFO - База данных инициализирована
2026-02-06 12:43:08 - expert_system.recommender - INFO - --- Запуск поиска эталонной партии ---
2026-02-06 12:43:08 - expert_system.recommender - INFO - Входные данные: Масса=1042.08кг, Ni=1.57%, Pd=33.62%
2026-02-06 12:43:08 - expert_system.recommender - DEBUG - Партия TT1 отклонена: 4+ несовпадения (ni_percent, cu_percent, pt_percent, pd_percent, sio2_percent, c_percent, se_percent)
2026-02-06 12:43:08 - expert_system.recommender - DEBUG - Партия P-2024-002 отклонена: 4+ несовпадения (ni_percent, cu_percent, pt_percent, pd_percent, sio2_percent, se_percent)
2026-02-06 12:43:08 - expert_system.recommender - DEBUG - Партия P-2024-006 отклонена: 4+ несовпадения (ni_percent, pt_percent, pd_percent, sio2_percent, se_percent)
2026-02-06 12:43:08 - expert_system.recommender - INFO - Всего в БД: 7
2026-02-06 12:43:08 - expert_system.recommender - INFO - Отсеяно по массе (>5%): 3
2026-02-06 12:43:08 - expert_system.recommender - INFO - Отсеяно по химии (>3 элементов): 3
2026-02-06 12:43:08 - expert_system.recommender - INFO - Найдено подходящих кандидатов: 1
2026-02-06 12:43:08 - expert_system.recommender - INFO - ВЫБРАНА ЭТАЛОННАЯ ПАРТИЯ: P-2024-001 (Извлечение: 93.08%)
2026-02-06 12:43:08 - expert_system.recommender - INFO - ---------------------------------------
2026-02-06 12:44:41 - expert_system - INFO - База данных инициализирована
2026-02-06 12:44:42 - expert_system.recommender - INFO - --- Запуск поиска эталонной партии ---
2026-02-06 12:44:42 - expert_system.recommender - INFO - Входные данные: Масса=1042.08кг, Ni=1.57%, Pd=33.62%
2026-02-06 12:44:42 - expert_system.recommender - DEBUG - Партия TT1 отклонена: 4+ несовпадения (ni_percent, cu_percent, pt_percent, pd_percent, sio2_percent, c_percent, se_percent)
2026-02-06 12:44:42 - expert_system.recommender - DEBUG - Партия P-2024-002 отклонена: 4+ несовпадения (ni_percent, cu_percent, pt_percent, pd_percent, sio2_percent, se_percent)
2026-02-06 12:44:42 - expert_system.recommender - DEBUG - Партия P-2024-006 отклонена: 4+ несовпадения (ni_percent, pt_percent, pd_percent, sio2_percent, se_percent)
2026-02-06 12:44:42 - expert_system.recommender - INFO - Всего в БД: 7
2026-02-06 12:44:42 - expert_system.recommender - INFO - Отсеяно по массе (>5%): 3
2026-02-06 12:44:42 - expert_system.recommender - INFO - Отсеяно по химии (>3 элементов): 3
2026-02-06 12:44:42 - expert_system.recommender - INFO - Найдено подходящих кандидатов: 1
2026-02-06 12:44:42 - expert_system.recommender - INFO - ВЫБРАНА ЭТАЛОННАЯ ПАРТИЯ: P-2024-001 (Извлечение: 93.08%)
2026-02-06 12:44:42 - expert_system.recommender - INFO - ---------------------------------------
2026-02-06 12:45:18 - expert_system - INFO - База данных инициализирована
2026-02-06 12:45:19 - expert_system.recommender - INFO - --- Запуск поиска эталонной партии ---
2026-02-06 12:45:19 - expert_system.recommender - INFO - Входные данные: Масса=1042.08кг, Ni=1.57%, Pd=33.62%
2026-02-06 12:45:19 - expert_system.recommender - DEBUG - Партия TT1 отклонена: 4+ несовпадения (ni_percent, cu_percent, pt_percent, pd_percent, sio2_percent, c_percent, se_percent)
2026-02-06 12:45:19 - expert_system.recommender - DEBUG - Партия P-2024-002 отклонена: 4+ несовпадения (ni_percent, cu_percent, pt_percent, pd_percent, sio2_percent, se_percent)
2026-02-06 12:45:19 - expert_system.recommender - DEBUG - Партия P-2024-006 отклонена: 4+ несовпадения (ni_percent, pt_percent, pd_percent, sio2_percent, se_percent)
2026-02-06 12:45:19 - expert_system.recommender - INFO - Всего в БД: 7
2026-02-06 12:45:19 - expert_system.recommender - INFO - Отсеяно по массе (>5%): 3
2026-02-06 12:45:19 - expert_system.recommender - INFO - Отсеяно по химии (>3 элементов): 3
2026-02-06 12:45:19 - expert_system.recommender - INFO - Найдено подходящих кандидатов: 1
2026-02-06 12:45:19 - expert_system.recommender - INFO - ВЫБРАНА ЭТАЛОННАЯ ПАРТИЯ: P-2024-001 (Извлечение: 93.08%)
2026-02-06 12:45:19 - expert_system.recommender - INFO - ---------------------------------------
2026-02-06 12:52:11 - expert_system - INFO - База данных инициализирована
2026-02-06 12:52:12 - expert_system.recommender - INFO - --- Запуск поиска эталонной партии ---
2026-02-06 12:52:12 - expert_system.recommender - INFO - Входные данные: Масса=1042.08кг, Ni=1.57%, Pd=33.62%
2026-02-06 12:52:12 - expert_system.recommender - DEBUG - Партия TT1 отклонена: 4+ несовпадения (ni_percent, cu_percent, pt_percent, pd_percent, sio2_percent, c_percent, se_percent)
2026-02-06 12:52:12 - expert_system.recommender - DEBUG - Партия P-2024-002 отклонена: 4+ несовпадения (ni_percent, cu_percent, pt_percent, pd_percent, sio2_percent, se_percent)
2026-02-06 12:52:12 - expert_system.recommender - DEBUG - Партия P-2024-006 отклонена: 4+ несовпадения (ni_percent, pt_percent, pd_percent, sio2_percent, se_percent)
2026-02-06 12:52:12 - expert_system.recommender - INFO - Всего в БД: 7
2026-02-06 12:52:12 - expert_system.recommender - INFO - Отсеяно по массе (>5%): 3
2026-02-06 12:52:12 - expert_system.recommender - INFO - Отсеяно по химии (>3 элементов): 3
2026-02-06 12:52:12 - expert_system.recommender - INFO - Найдено подходящих кандидатов: 1
2026-02-06 12:52:12 - expert_system.recommender - INFO - ВЫБРАНА ЭТАЛОННАЯ ПАРТИЯ: P-2024-001 (Извлечение: 93.08%)
2026-02-06 12:52:12 - expert_system.recommender - INFO - ---------------------------------------
2026-02-06 12:52:58 - expert_system - INFO - База данных инициализирована
2026-02-06 12:52:59 - expert_system.recommender - INFO - --- Запуск поиска эталонной партии ---
2026-02-06 12:52:59 - expert_system.recommender - INFO - Входные данные: Масса=1042.08кг, Ni=1.57%, Pd=33.62%
2026-02-06 12:52:59 - expert_system.recommender - DEBUG - Партия TT1 отклонена: 4+ несовпадения (ni_percent, cu_percent, pt_percent, pd_percent, sio2_percent, c_percent, se_percent)
2026-02-06 12:52:59 - expert_system.recommender - DEBUG - Партия P-2024-002 отклонена: 4+ несовпадения (ni_percent, cu_percent, pt_percent, pd_percent, sio2_percent, se_percent)
2026-02-06 12:52:59 - expert_system.recommender - DEBUG - Партия P-2024-006 отклонена: 4+ несовпадения (ni_percent, pt_percent, pd_percent, sio2_percent, se_percent)
2026-02-06 12:52:59 - expert_system.recommender - INFO - Всего в БД: 7
2026-02-06 12:52:59 - expert_system.recommender - INFO - Отсеяно по массе (>5%): 3
2026-02-06 12:52:59 - expert_system.recommender - INFO - Отсеяно по химии (>3 элементов): 3
2026-02-06 12:52:59 - expert_system.recommender - INFO - Найдено подходящих кандидатов: 1
2026-02-06 12:52:59 - expert_system.recommender - INFO - ВЫБРАНА ЭТАЛОННАЯ ПАРТИЯ: P-2024-001 (Извлечение: 93.08%)
2026-02-06 12:52:59 - expert_system.recommender - INFO - ---------------------------------------
2026-02-06 12:59:22 - expert_system - INFO - База данных инициализирована
2026-02-06 12:59:22 - expert_system.recommender - INFO - --- Запуск поиска эталонной партии ---
2026-02-06 12:59:22 - expert_system.recommender - INFO - Входные данные: Масса=1042.08кг, Ni=1.57%, Pd=33.62%
2026-02-06 12:59:22 - expert_system.recommender - DEBUG - Партия TT1 отклонена: 4+ несовпадения (ni_percent, cu_percent, pt_percent, pd_percent, sio2_percent, c_percent, se_percent)
2026-02-06 12:59:22 - expert_system.recommender - DEBUG - Партия P-2024-002 отклонена: 4+ несовпадения (ni_percent, cu_percent, pt_percent, pd_percent, sio2_percent, se_percent)
2026-02-06 12:59:22 - expert_system.recommender - DEBUG - Партия P-2024-006 отклонена: 4+ несовпадения (ni_percent, pt_percent, pd_percent, sio2_percent, se_percent)
2026-02-06 12:59:22 - expert_system.recommender - INFO - Всего в БД: 7
2026-02-06 12:59:22 - expert_system.recommender - INFO - Отсеяно по массе (>5%): 3
2026-02-06 12:59:22 - expert_system.recommender - INFO - Отсеяно по химии (>3 элементов): 3
2026-02-06 12:59:22 - expert_system.recommender - INFO - Найдено подходящих кандидатов: 1
2026-02-06 12:59:22 - expert_system.recommender - INFO - ВЫБРАНА ЭТАЛОННАЯ ПАРТИЯ: P-2024-001 (Извлечение: 93.08%)
2026-02-06 12:59:22 - expert_system.recommender - INFO - ---------------------------------------
2026-02-06 13:07:00 - expert_system - INFO - База данных инициализирована
2026-02-06 13:07:01 - expert_system.recommender - INFO - --- Запуск поиска эталонной партии ---
2026-02-06 13:07:01 - expert_system.recommender - INFO - Входные данные: Масса=1042.08кг, Ni=1.57%, Pd=33.62%
2026-02-06 13:07:01 - expert_system.recommender - DEBUG - Партия TT1 отклонена: 4+ несовпадения (ni_percent, cu_percent, pt_percent, pd_percent, sio2_percent, c_percent, se_percent)
2026-02-06 13:07:01 - expert_system.recommender - DEBUG - Партия P-2024-002 отклонена: 4+ несовпадения (ni_percent, cu_percent, pt_percent, pd_percent, sio2_percent, se_percent)
2026-02-06 13:07:01 - expert_system.recommender - DEBUG - Партия P-2024-006 отклонена: 4+ несовпадения (ni_percent, pt_percent, pd_percent, sio2_percent, se_percent)
2026-02-06 13:07:01 - expert_system.recommender - INFO - Всего в БД: 7
2026-02-06 13:07:01 - expert_system.recommender - INFO - Отсеяно по массе (>5%): 3
2026-02-06 13:07:01 - expert_system.recommender - INFO - Отсеяно по химии (>3 элементов): 3
2026-02-06 13:07:01 - expert_system.recommender - INFO - Найдено подходящих кандидатов: 1
2026-02-06 13:07:01 - expert_system.recommender - INFO - ВЫБРАНА ЭТАЛОННАЯ ПАРТИЯ: P-2024-001 (Извлечение: 93.08%)
2026-02-06 13:07:01 - expert_system.recommender - INFO - ---------------------------------------
2026-02-06 13:11:02 - expert_system - INFO - База данных инициализирована
2026-02-06 13:11:04 - expert_system.recommender - INFO - --- Запуск поиска эталонной партии ---
2026-02-06 13:11:04 - expert_system.recommender - INFO - Входные данные: Масса=1042.08кг, Ni=1.57%, Pd=33.62%
2026-02-06 13:11:04 - expert_system.recommender - DEBUG - Партия TT1 отклонена: 4+ несовпадения (ni_percent, cu_percent, pt_percent, pd_percent, sio2_percent, c_percent, se_percent)
2026-02-06 13:11:04 - expert_system.recommender - DEBUG - Партия P-2024-002 отклонена: 4+ несовпадения (ni_percent, cu_percent, pt_percent, pd_percent, sio2_percent, se_percent)
2026-02-06 13:11:04 - expert_system.recommender - DEBUG - Партия P-2024-006 отклонена: 4+ несовпадения (ni_percent, pt_percent, pd_percent, sio2_percent, se_percent)
2026-02-06 13:11:04 - expert_system.recommender - INFO - Всего в БД: 7
2026-02-06 13:11:04 - expert_system.recommender - INFO - Отсеяно по массе (>5%): 3
2026-02-06 13:11:04 - expert_system.recommender - INFO - Отсеяно по химии (>3 элементов): 3
2026-02-06 13:11:04 - expert_system.recommender - INFO - Найдено подходящих кандидатов: 1
2026-02-06 13:11:04 - expert_system.recommender - INFO - ВЫБРАНА ЭТАЛОННАЯ ПАРТИЯ: P-2024-001 (Извлечение: 93.08%)
2026-02-06 13:11:04 - expert_system.recommender - INFO - ---------------------------------------
2026-02-06 13:11:44 - expert_system - INFO - База данных инициализирована
2026-02-06 13:11:45 - expert_system.recommender - INFO - --- Запуск поиска эталонной партии ---
2026-02-06 13:11:45 - expert_system.recommender - INFO - Входные данные: Масса=1042.08кг, Ni=1.57%, Pd=33.62%
2026-02-06 13:11:45 - expert_system.recommender - DEBUG - Партия TT1 отклонена: 4+ несовпадения (ni_percent, cu_percent, pt_percent, pd_percent, sio2_percent, c_percent, se_percent)
2026-02-06 13:11:45 - expert_system.recommender - DEBUG - Партия P-2024-002 отклонена: 4+ несовпадения (ni_percent, cu_percent, pt_percent, pd_percent, sio2_percent, se_percent)
2026-02-06 13:11:45 - expert_system.recommender - DEBUG - Партия P-2024-006 отклонена: 4+ несовпадения (ni_percent, pt_percent, pd_percent, sio2_percent, se_percent)
2026-02-06 13:11:45 - expert_system.recommender - INFO - Всего в БД: 7
2026-02-06 13:11:45 - expert_system.recommender - INFO - Отсеяно по массе (>5%): 3
2026-02-06 13:11:45 - expert_system.recommender - INFO - Отсеяно по химии (>3 элементов): 3
2026-02-06 13:11:45 - expert_system.recommender - INFO - Найдено подходящих кандидатов: 1
2026-02-06 13:11:45 - expert_system.recommender - INFO - ВЫБРАНА ЭТАЛОННАЯ ПАРТИЯ: P-2024-001 (Извлечение: 93.08%)
2026-02-06 13:11:45 - expert_system.recommender - INFO - ---------------------------------------
2026-02-06 13:26:20 - expert_system - INFO - База данных инициализирована
2026-02-06 13:26:21 - expert_system.recommender - INFO - --- Запуск поиска эталонной партии ---
2026-02-06 13:26:21 - expert_system.recommender - INFO - Входные данные: Масса=1042.08кг, Ni=1.57%, Pd=33.62%
2026-02-06 13:26:21 - expert_system.recommender - DEBUG - Партия TT1 отклонена: 4+ несовпадения (ni_percent, cu_percent, pt_percent, pd_percent, sio2_percent, c_percent, se_percent)
2026-02-06 13:26:21 - expert_system.recommender - DEBUG - Партия P-2024-002 отклонена: 4+ несовпадения (ni_percent, cu_percent, pt_percent, pd_percent, sio2_percent, se_percent)
2026-02-06 13:26:21 - expert_system.recommender - DEBUG - Партия P-2024-006 отклонена: 4+ несовпадения (ni_percent, pt_percent, pd_percent, sio2_percent, se_percent)
2026-02-06 13:26:21 - expert_system.recommender - INFO - Всего в БД: 7
2026-02-06 13:26:21 - expert_system.recommender - INFO - Отсеяно по массе (>5%): 3
2026-02-06 13:26:21 - expert_system.recommender - INFO - Отсеяно по химии (>3 элементов): 3
2026-02-06 13:26:21 - expert_system.recommender - INFO - Найдено подходящих кандидатов: 1
2026-02-06 13:26:21 - expert_system.recommender - INFO - ВЫБРАНА ЭТАЛОННАЯ ПАРТИЯ: P-2024-001 (Извлечение: 93.08%)
2026-02-06 13:26:21 - expert_system.recommender - INFO - ---------------------------------------
2026-02-06 13:27:32 - expert_system - INFO - База данных инициализирована
2026-02-06 13:27:33 - expert_system.recommender - INFO - --- Запуск поиска эталонной партии ---
2026-02-06 13:27:33 - expert_system.recommender - INFO - Входные данные: Масса=1042.08кг, Ni=1.57%, Pd=33.62%
2026-02-06 13:27:33 - expert_system.recommender - DEBUG - Партия TT1 отклонена: 4+ несовпадения (ni_percent, cu_percent, pt_percent, pd_percent, sio2_percent, c_percent, se_percent)
2026-02-06 13:27:33 - expert_system.recommender - DEBUG - Партия P-2024-002 отклонена: 4+ несовпадения (ni_percent, cu_percent, pt_percent, pd_percent, sio2_percent, se_percent)
2026-02-06 13:27:33 - expert_system.recommender - DEBUG - Партия P-2024-006 отклонена: 4+ несовпадения (ni_percent, pt_percent, pd_percent, sio2_percent, se_percent)
2026-02-06 13:27:33 - expert_system.recommender - INFO - Всего в БД: 7
2026-02-06 13:27:33 - expert_system.recommender - INFO - Отсеяно по массе (>5%): 3
2026-02-06 13:27:33 - expert_system.recommender - INFO - Отсеяно по химии (>3 элементов): 3
2026-02-06 13:27:33 - expert_system.recommender - INFO - Найдено подходящих кандидатов: 1
2026-02-06 13:27:33 - expert_system.recommender - INFO - ВЫБРАНА ЭТАЛОННАЯ ПАРТИЯ: P-2024-001 (Извлечение: 93.08%)
2026-02-06 13:27:33 - expert_system.recommender - INFO - ---------------------------------------
2026-02-06 13:28:00 - expert_system - INFO - База данных инициализирована
2026-02-06 13:28:01 - expert_system.recommender - INFO - --- Запуск поиска эталонной партии ---
2026-02-06 13:28:01 - expert_system.recommender - INFO - Входные данные: Масса=1042.08кг, Ni=1.57%, Pd=33.62%
2026-02-06 13:28:01 - expert_system.recommender - DEBUG - Партия TT1 отклонена: 4+ несовпадения (ni_percent, cu_percent, pt_percent, pd_percent, sio2_percent, c_percent, se_percent)
2026-02-06 13:28:01 - expert_system.recommender - DEBUG - Партия P-2024-002 отклонена: 4+ несовпадения (ni_percent, cu_percent, pt_percent, pd_percent, sio2_percent, se_percent)
2026-02-06 13:28:01 - expert_system.recommender - DEBUG - Партия P-2024-006 отклонена: 4+ несовпадения (ni_percent, pt_percent, pd_percent, sio2_percent, se_percent)
2026-02-06 13:28:01 - expert_system.recommender - INFO - Всего в БД: 7
2026-02-06 13:28:01 - expert_system.recommender - INFO - Отсеяно по массе (>5%): 3
2026-02-06 13:28:01 - expert_system.recommender - INFO - Отсеяно по химии (>3 элементов): 3
2026-02-06 13:28:01 - expert_system.recommender - INFO - Найдено подходящих кандидатов: 1
2026-02-06 13:28:01 - expert_system.recommender - INFO - ВЫБРАНА ЭТАЛОННАЯ ПАРТИЯ: P-2024-001 (Извлечение: 93.08%)
2026-02-06 13:28:01 - expert_system.recommender - INFO - ---------------------------------------
2026-02-06 14:00:55 - expert_system - INFO - База данных инициализирована
2026-02-06 15:06:42 - expert_system - INFO - База данных инициализирована
2026-02-06 15:13:47 - expert_system - INFO - База данных инициализирована
2026-02-06 15:19:02 - expert_system - INFO - База данных инициализирована
2026-02-06 15:19:04 - expert_system.recommender - INFO - --- Запуск поиска эталонной партии ---
2026-02-06 15:19:04 - expert_system.recommender - INFO - Входные данные: Масса=1042.08кг, Ni=1.57%, Pd=33.62%
2026-02-06 15:19:04 - expert_system.recommender - DEBUG - Партия P-2024-002 отклонена: 4+ несовпадения (ni_percent, cu_percent, pt_percent, pd_percent, sio2_percent, se_percent)
2026-02-06 15:19:04 - expert_system.recommender - INFO - Всего в БД: 4
2026-02-06 15:19:04 - expert_system.recommender - INFO - Отсеяно по массе (>5%): 2
2026-02-06 15:19:04 - expert_system.recommender - INFO - Отсеяно по химии (>3 элементов): 1
2026-02-06 15:19:04 - expert_system.recommender - INFO - Найдено подходящих кандидатов: 1
2026-02-06 15:19:04 - expert_system.recommender - INFO - ВЫБРАНА ЭТАЛОННАЯ ПАРТИЯ: P-2024-001 (Извлечение: 93.08%)
2026-02-06 15:19:04 - expert_system.recommender - INFO - ---------------------------------------
2026-02-06 15:26:07 - expert_system - INFO - База данных инициализирована
2026-02-06 15:26:08 - expert_system.recommender - INFO - --- Запуск поиска эталонной партии ---
2026-02-06 15:26:08 - expert_system.recommender - INFO - Входные данные: Масса=1042.08кг, Ni=1.57%, Pd=33.62%
2026-02-06 15:26:08 - expert_system.recommender - DEBUG - Партия P-2024-002 отклонена: 4+ несовпадения (ni_percent, cu_percent, pt_percent, pd_percent, sio2_percent, se_percent)
2026-02-06 15:26:08 - expert_system.recommender - INFO - Всего в БД: 4
2026-02-06 15:26:08 - expert_system.recommender - INFO - Отсеяно по массе (>5%): 2
2026-02-06 15:26:08 - expert_system.recommender - INFO - Отсеяно по химии (>3 элементов): 1
2026-02-06 15:26:08 - expert_system.recommender - INFO - Найдено подходящих кандидатов: 1
2026-02-06 15:26:08 - expert_system.recommender - INFO - ВЫБРАНА ЭТАЛОННАЯ ПАРТИЯ: P-2024-001 (Извлечение: 93.08%)
2026-02-06 15:26:08 - expert_system.recommender - INFO - ---------------------------------------
2026-02-06 15:30:12 - expert_system - INFO - База данных инициализирована
2026-02-06 15:30:14 - expert_system.recommender - INFO - --- Запуск поиска эталонной партии ---
2026-02-06 15:30:14 - expert_system.recommender - INFO - Входные данные: Масса=1042.08кг, Ni=1.57%, Pd=33.62%
2026-02-06 15:30:14 - expert_system.recommender - DEBUG - Партия P-2024-002 отклонена: 4+ несовпадения (ni_percent, cu_percent, pt_percent, pd_percent, sio2_percent, se_percent)
2026-02-06 15:30:14 - expert_system.recommender - INFO - Всего в БД: 4
2026-02-06 15:30:14 - expert_system.recommender - INFO - Отсеяно по массе (>5%): 2
2026-02-06 15:30:14 - expert_system.recommender - INFO - Отсеяно по химии (>3 элементов): 1
2026-02-06 15:30:14 - expert_system.recommender - INFO - Найдено подходящих кандидатов: 1
2026-02-06 15:30:14 - expert_system.recommender - INFO - ВЫБРАНА ЭТАЛОННАЯ ПАРТИЯ: P-2024-001 (Извлечение: 93.08%)
2026-02-06 15:30:14 - expert_system.recommender - INFO - ---------------------------------------
2026-02-06 15:30:22 - expert_system.recommender - INFO - --- Запуск поиска эталонной партии ---
2026-02-06 15:30:22 - expert_system.recommender - INFO - Входные данные: Масса=1042.08кг, Ni=1.57%, Pd=33.62%
2026-02-06 15:30:22 - expert_system.recommender - DEBUG - Партия P-2024-002 отклонена: 4+ несовпадения (ni_percent, cu_percent, pt_percent, pd_percent, sio2_percent, se_percent)
2026-02-06 15:30:22 - expert_system.recommender - INFO - Всего в БД: 4
2026-02-06 15:30:22 - expert_system.recommender - INFO - Отсеяно по массе (>5%): 2
2026-02-06 15:30:22 - expert_system.recommender - INFO - Отсеяно по химии (>3 элементов): 1
2026-02-06 15:30:22 - expert_system.recommender - INFO - Найдено подходящих кандидатов: 1
2026-02-06 15:30:22 - expert_system.recommender - INFO - ВЫБРАНА ЭТАЛОННАЯ ПАРТИЯ: P-2024-001 (Извлечение: 93.08%)
2026-02-06 15:30:22 - expert_system.recommender - INFO - ---------------------------------------
2026-02-06 15:52:31 - expert_system - INFO - База данных инициализирована
2026-02-06 15:52:32 - expert_system.recommender - INFO - --- Запуск поиска эталонной партии ---
2026-02-06 15:52:32 - expert_system.recommender - INFO - Входные данные: Масса=1042.08кг, Ni=1.57%, Pd=33.62%
2026-02-06 15:52:32 - expert_system.recommender - DEBUG - Партия P-2024-002 отклонена: 4+ несовпадения (ni_percent, cu_percent, pt_percent, pd_percent, sio2_percent, se_percent)
2026-02-06 15:52:32 - expert_system.recommender - INFO - Всего в БД: 4
2026-02-06 15:52:32 - expert_system.recommender - INFO - Отсеяно по массе (>5%): 2
2026-02-06 15:52:32 - expert_system.recommender - INFO - Отсеяно по химии (>3 элементов): 1
2026-02-06 15:52:32 - expert_system.recommender - INFO - Найдено подходящих кандидатов: 1
2026-02-06 15:52:32 - expert_system.recommender - INFO - ВЫБРАНА ЭТАЛОННАЯ ПАРТИЯ: P-2024-001 (Извлечение: 93.08%)
2026-02-06 15:52:32 - expert_system.recommender - INFO - ---------------------------------------
2026-02-06 15:52:55 - expert_system.recommender - INFO - --- Запуск поиска эталонной партии ---
2026-02-06 15:52:55 - expert_system.recommender - INFO - Входные данные: Масса=1042.08кг, Ni=1.57%, Pd=33.62%
2026-02-06 15:52:55 - expert_system.recommender - DEBUG - Партия P-2024-002 отклонена: 4+ несовпадения (ni_percent, cu_percent, pt_percent, pd_percent, sio2_percent, se_percent)
2026-02-06 15:52:55 - expert_system.recommender - INFO - Всего в БД: 4
2026-02-06 15:52:55 - expert_system.recommender - INFO - Отсеяно по массе (>5%): 2
2026-02-06 15:52:55 - expert_system.recommender - INFO - Отсеяно по химии (>3 элементов): 1
2026-02-06 15:52:55 - expert_system.recommender - INFO - Найдено подходящих кандидатов: 1
2026-02-06 15:52:55 - expert_system.recommender - INFO - ВЫБРАНА ЭТАЛОННАЯ ПАРТИЯ: P-2024-001 (Извлечение: 93.08%)
2026-02-06 15:52:55 - expert_system.recommender - INFO - ---------------------------------------
2026-02-06 15:53:44 - expert_system.recommender - INFO - --- Запуск поиска эталонной партии ---
2026-02-06 15:53:44 - expert_system.recommender - INFO - Входные данные: Масса=1159.45кг, Ni=2.69%, Pd=20.74%
2026-02-06 15:53:44 - expert_system.recommender - DEBUG - Партия P-2024-004 отклонена: 4+ несовпадения (ni_percent, cu_percent, pt_percent, pd_percent, sio2_percent, se_percent)
2026-02-06 15:53:44 - expert_system.recommender - INFO - Всего в БД: 4
2026-02-06 15:53:44 - expert_system.recommender - INFO - Отсеяно по массе (>5%): 2
2026-02-06 15:53:44 - expert_system.recommender - INFO - Отсеяно по химии (>3 элементов): 1
2026-02-06 15:53:44 - expert_system.recommender - INFO - Найдено подходящих кандидатов: 1
2026-02-06 15:53:44 - expert_system.recommender - INFO - ВЫБРАНА ЭТАЛОННАЯ ПАРТИЯ: P-2024-003 (Извлечение: 81.8%)
2026-02-06 15:53:44 - expert_system.recommender - INFO - ---------------------------------------
2026-02-06 16:00:22 - expert_system - INFO - База данных инициализирована
2026-02-06 16:00:26 - expert_system.recommender - INFO - --- Запуск поиска эталонной партии ---
2026-02-06 16:00:26 - expert_system.recommender - INFO - Входные данные: Масса=1042.08кг, Ni=1.57%, Pd=33.62%
2026-02-06 16:00:26 - expert_system.recommender - DEBUG - Партия P-2024-002 отклонена: 4+ несовпадения (ni_percent, cu_percent, pt_percent, pd_percent, sio2_percent, se_percent)
2026-02-06 16:00:26 - expert_system.recommender - INFO - Всего в БД: 4
2026-02-06 16:00:26 - expert_system.recommender - INFO - Отсеяно по массе (>5%): 2
2026-02-06 16:00:26 - expert_system.recommender - INFO - Отсеяно по химии (>3 элементов): 1
2026-02-06 16:00:26 - expert_system.recommender - INFO - Найдено подходящих кандидатов: 1
2026-02-06 16:00:26 - expert_system.recommender - INFO - ВЫБРАНА ЭТАЛОННАЯ ПАРТИЯ: P-2024-001 (Извлечение: 93.08%)
2026-02-06 16:00:26 - expert_system.recommender - INFO - ---------------------------------------
2026-02-06 16:01:12 - expert_system - INFO - База данных инициализирована
2026-02-06 16:01:14 - expert_system.recommender - INFO - --- Запуск поиска эталонной партии ---
2026-02-06 16:01:14 - expert_system.recommender - INFO - Входные данные: Масса=1042.08кг, Ni=1.57%, Pd=33.62%
2026-02-06 16:01:14 - expert_system.recommender - DEBUG - Партия P-2024-002 отклонена: 4+ несовпадения (ni_percent, cu_percent, pt_percent, pd_percent, sio2_percent, se_percent)
2026-02-06 16:01:14 - expert_system.recommender - INFO - Всего в БД: 4
2026-02-06 16:01:14 - expert_system.recommender - INFO - Отсеяно по массе (>5%): 2
2026-02-06 16:01:14 - expert_system.recommender - INFO - Отсеяно по химии (>3 элементов): 1
2026-02-06 16:01:14 - expert_system.recommender - INFO - Найдено подходящих кандидатов: 1
2026-02-06 16:01:14 - expert_system.recommender - INFO - ВЫБРАНА ЭТАЛОННАЯ ПАРТИЯ: P-2024-001 (Извлечение: 93.08%)
2026-02-06 16:01:14 - expert_system.recommender - INFO - ---------------------------------------
2026-02-06 16:10:32 - expert_system - INFO - База данных инициализирована
2026-02-06 16:10:33 - expert_system.recommender - INFO - --- Запуск поиска эталонной партии ---
2026-02-06 16:10:33 - expert_system.recommender - INFO - Входные данные: Масса=1042.08кг, Ni=1.57%, Pd=33.62%
2026-02-06 16:10:33 - expert_system.recommender - DEBUG - Партия P-2024-002 отклонена: 4+ несовпадения (ni_percent, cu_percent, pt_percent, pd_percent, sio2_percent, se_percent)
2026-02-06 16:10:33 - expert_system.recommender - INFO - Всего в БД: 4
2026-02-06 16:10:33 - expert_system.recommender - INFO - Отсеяно по массе (>5%): 2
2026-02-06 16:10:33 - expert_system.recommender - INFO - Отсеяно по химии (>3 элементов): 1
2026-02-06 16:10:33 - expert_system.recommender - INFO - Найдено подходящих кандидатов: 1
2026-02-06 16:10:33 - expert_system.recommender - INFO - ВЫБРАНА ЭТАЛОННАЯ ПАРТИЯ: P-2024-001 (Извлечение: 93.08%)
2026-02-06 16:10:33 - expert_system.recommender - INFO - ---------------------------------------
2026-02-06 16:11:37 - expert_system - INFO - База данных инициализирована
2026-02-06 16:11:38 - expert_system.recommender - INFO - --- Запуск поиска эталонной партии ---
2026-02-06 16:11:38 - expert_system.recommender - INFO - Входные данные: Масса=1042.08кг, Ni=1.57%, Pd=33.62%
2026-02-06 16:11:38 - expert_system.recommender - DEBUG - Партия P-2024-002 отклонена: 4+ несовпадения (ni_percent, cu_percent, pt_percent, pd_percent, sio2_percent, se_percent)
2026-02-06 16:11:38 - expert_system.recommender - INFO - Всего в БД: 4
2026-02-06 16:11:38 - expert_system.recommender - INFO - Отсеяно по массе (>5%): 2
2026-02-06 16:11:38 - expert_system.recommender - INFO - Отсеяно по химии (>3 элементов): 1
2026-02-06 16:11:38 - expert_system.recommender - INFO - Найдено подходящих кандидатов: 1
2026-02-06 16:11:38 - expert_system.recommender - INFO - ВЫБРАНА ЭТАЛОННАЯ ПАРТИЯ: P-2024-001 (Извлечение: 93.08%)
2026-02-06 16:11:38 - expert_system.recommender - INFO - ---------------------------------------
2026-02-06 16:26:11 - expert_system - INFO - База данных инициализирована
2026-02-06 16:26:17 - expert_system.recommender - INFO - --- Запуск поиска эталонной партии ---
2026-02-06 16:26:17 - expert_system.recommender - INFO - Входные данные: Масса=1042.08кг, Ni=1.57%, Pd=33.62%
2026-02-06 16:26:17 - expert_system.recommender - DEBUG - Партия P-2024-002 отклонена: 4+ несовпадения (ni_percent, cu_percent, pt_percent, pd_percent, sio2_percent, se_percent)
2026-02-06 16:26:17 - expert_system.recommender - INFO - Всего в БД: 4
2026-02-06 16:26:17 - expert_system.recommender - INFO - Отсеяно по массе (>5%): 2
2026-02-06 16:26:17 - expert_system.recommender - INFO - Отсеяно по химии (>3 элементов): 1
2026-02-06 16:26:17 - expert_system.recommender - INFO - Найдено подходящих кандидатов: 1
2026-02-06 16:26:17 - expert_system.recommender - INFO - ВЫБРАНА ЭТАЛОННАЯ ПАРТИЯ: P-2024-001 (Извлечение: 93.08%)
2026-02-06 16:26:17 - expert_system.recommender - INFO - ---------------------------------------
2026-02-06 16:28:04 - expert_system.recommender - INFO - --- Запуск поиска эталонной партии ---
2026-02-06 16:28:04 - expert_system.recommender - INFO - Входные данные: Масса=1042.08кг, Ni=1.57%, Pd=33.62%
2026-02-06 16:28:04 - expert_system.recommender - DEBUG - Партия P-2024-002 отклонена: 4+ несовпадения (ni_percent, cu_percent, pt_percent, pd_percent, sio2_percent, se_percent)
2026-02-06 16:28:04 - expert_system.recommender - INFO - Всего в БД: 4
2026-02-06 16:28:04 - expert_system.recommender - INFO - Отсеяно по массе (>5%): 2
2026-02-06 16:28:04 - expert_system.recommender - INFO - Отсеяно по химии (>3 элементов): 1
2026-02-06 16:28:04 - expert_system.recommender - INFO - Найдено подходящих кандидатов: 1
2026-02-06 16:28:04 - expert_system.recommender - INFO - ВЫБРАНА ЭТАЛОННАЯ ПАРТИЯ: P-2024-001 (Извлечение: 93.08%)
2026-02-06 16:28:04 - expert_system.recommender - INFO - ---------------------------------------
2026-02-06 16:35:27 - expert_system - INFO - База данных инициализирована
2026-02-06 16:35:41 - expert_system.recommender - INFO - --- Запуск поиска эталонной партии ---
2026-02-06 16:35:41 - expert_system.recommender - INFO - Входные данные: Масса=1042.08кг, Ni=1.75%, Pd=33.62%
2026-02-06 16:35:41 - expert_system.recommender - DEBUG - Партия P-2024-002 отклонена: 4+ несовпадения (ni_percent, cu_percent, pt_percent, pd_percent, sio2_percent, se_percent)
2026-02-06 16:35:41 - expert_system.recommender - INFO - Всего в БД: 4
2026-02-06 16:35:41 - expert_system.recommender - INFO - Отсеяно по массе (>5%): 2
2026-02-06 16:35:41 - expert_system.recommender - INFO - Отсеяно по химии (>3 элементов): 1
2026-02-06 16:35:41 - expert_system.recommender - INFO - Найдено подходящих кандидатов: 1
2026-02-06 16:35:41 - expert_system.recommender - INFO - ВЫБРАНА ЭТАЛОННАЯ ПАРТИЯ: P-2024-001 (Извлечение: 93.08%)
2026-02-06 16:35:41 - expert_system.recommender - INFO - ---------------------------------------
2026-02-06 16:40:39 - expert_system - INFO - База данных инициализирована
2026-02-06 16:42:57 - expert_system - INFO - База данных инициализирована
2026-02-06 16:43:00 - expert_system.recommender - INFO - --- Запуск поиска эталонной партии ---
2026-02-06 16:43:00 - expert_system.recommender - INFO - Входные данные: Масса=1042.08кг, Ni=1.57%, Pd=33.62%
2026-02-06 16:43:00 - expert_system.recommender - DEBUG - Партия P-2024-002 отклонена: 4+ несовпадения (ni_percent, cu_percent, pt_percent, pd_percent, sio2_percent, se_percent)
2026-02-06 16:43:00 - expert_system.recommender - INFO - Всего в БД: 4
2026-02-06 16:43:00 - expert_system.recommender - INFO - Отсеяно по массе (>5%): 2
2026-02-06 16:43:00 - expert_system.recommender - INFO - Отсеяно по химии (>3 элементов): 1
2026-02-06 16:43:00 - expert_system.recommender - INFO - Найдено подходящих кандидатов: 1
2026-02-06 16:43:00 - expert_system.recommender - INFO - ВЫБРАНА ЭТАЛОННАЯ ПАРТИЯ: P-2024-001 (Извлечение: 93.08%)
2026-02-06 16:43:00 - expert_system.recommender - INFO - ---------------------------------------
2026-02-06 16:53:55 - expert_system - INFO - База данных инициализирована
2026-02-06 16:53:57 - expert_system.recommender - INFO - --- Запуск поиска эталонной партии ---
2026-02-06 16:53:57 - expert_system.recommender - INFO - Входные данные: Масса=1042.08кг, Ni=1.57%, Pd=33.62%
2026-02-06 16:53:57 - expert_system.recommender - DEBUG - Партия P-2024-002 отклонена: 4+ несовпадения (ni_percent, cu_percent, pt_percent, pd_percent, sio2_percent, se_percent)
2026-02-06 16:53:57 - expert_system.recommender - INFO - Всего в БД: 4
2026-02-06 16:53:57 - expert_system.recommender - INFO - Отсеяно по массе (>5%): 2
2026-02-06 16:53:57 - expert_system.recommender - INFO - Отсеяно по химии (>3 элементов): 1
2026-02-06 16:53:57 - expert_system.recommender - INFO - Найдено подходящих кандидатов: 1
2026-02-06 16:53:57 - expert_system.recommender - INFO - ВЫБРАНА ЭТАЛОННАЯ ПАРТИЯ: P-2024-001 (Извлечение: 93.08%)
2026-02-06 16:53:57 - expert_system.recommender - INFO - ---------------------------------------
2026-02-06 16:54:13 - expert_system - INFO - База данных инициализирована
2026-02-06 16:54:14 - expert_system.recommender - INFO - --- Запуск поиска эталонной партии ---
2026-02-06 16:54:14 - expert_system.recommender - INFO - Входные данные: Масса=1042.08кг, Ni=1.57%, Pd=33.62%
2026-02-06 16:54:14 - expert_system.recommender - DEBUG - Партия P-2024-002 отклонена: 4+ несовпадения (ni_percent, cu_percent, pt_percent, pd_percent, sio2_percent, se_percent)
2026-02-06 16:54:14 - expert_system.recommender - INFO - Всего в БД: 4
2026-02-06 16:54:14 - expert_system.recommender - INFO - Отсеяно по массе (>5%): 2
2026-02-06 16:54:14 - expert_system.recommender - INFO - Отсеяно по химии (>3 элементов): 1
2026-02-06 16:54:14 - expert_system.recommender - INFO - Найдено подходящих кандидатов: 1
2026-02-06 16:54:14 - expert_system.recommender - INFO - ВЫБРАНА ЭТАЛОННАЯ ПАРТИЯ: P-2024-001 (Извлечение: 93.08%)
2026-02-06 16:54:14 - expert_system.recommender - INFO - ---------------------------------------
2026-02-06 16:58:00 - expert_system - INFO - База данных инициализирована
2026-02-06 16:58:01 - expert_system.recommender - INFO - --- Запуск поиска эталонной партии ---
2026-02-06 16:58:01 - expert_system.recommender - INFO - Входные данные: Масса=1042.08кг, Ni=1.57%, Pd=33.62%
2026-02-06 16:58:01 - expert_system.recommender - DEBUG - Партия P-2024-002 отклонена: 4+ несовпадения (ni_percent, cu_percent, pt_percent, pd_percent, sio2_percent, se_percent)
2026-02-06 16:58:01 - expert_system.recommender - INFO - Всего в БД: 4
2026-02-06 16:58:01 - expert_system.recommender - INFO - Отсеяно по массе (>5%): 2
2026-02-06 16:58:01 - expert_system.recommender - INFO - Отсеяно по химии (>3 элементов): 1
2026-02-06 16:58:01 - expert_system.recommender - INFO - Найдено подходящих кандидатов: 1
2026-02-06 16:58:01 - expert_system.recommender - INFO - ВЫБРАНА ЭТАЛОННАЯ ПАРТИЯ: P-2024-001 (Извлечение: 93.08%)
2026-02-06 16:58:01 - expert_system.recommender - INFO - ---------------------------------------
2026-02-06 17:04:03 - expert_system - INFO - База данных инициализирована
2026-02-06 17:04:05 - expert_system.recommender - INFO - --- Запуск поиска эталонной партии ---
2026-02-06 17:04:05 - expert_system.recommender - INFO - Входные данные: Масса=1042.08кг, Ni=1.57%, Pd=33.62%
2026-02-06 17:04:05 - expert_system.recommender - DEBUG - Партия P-2024-002 отклонена: 4+ несовпадения (ni_percent, cu_percent, pt_percent, pd_percent, sio2_percent, se_percent)
2026-02-06 17:04:05 - expert_system.recommender - INFO - Всего в БД: 4
2026-02-06 17:04:05 - expert_system.recommender - INFO - Отсеяно по массе (>5%): 2
2026-02-06 17:04:05 - expert_system.recommender - INFO - Отсеяно по химии (>3 элементов): 1
2026-02-06 17:04:05 - expert_system.recommender - INFO - Найдено подходящих кандидатов: 1
2026-02-06 17:04:05 - expert_system.recommender - INFO - ВЫБРАНА ЭТАЛОННАЯ ПАРТИЯ: P-2024-001 (Извлечение: 93.08%)
2026-02-06 17:04:05 - expert_system.recommender - INFO - ---------------------------------------
2026-02-06 17:10:21 - expert_system - INFO - База данных инициализирована
2026-02-06 17:10:22 - expert_system.recommender - INFO - --- Запуск поиска эталонной партии ---
2026-02-06 17:10:22 - expert_system.recommender - INFO - Входные данные: Масса=1042.08кг, Ni=1.57%, Pd=33.62%
2026-02-06 17:10:22 - expert_system.recommender - DEBUG - Партия P-2024-002 отклонена: 4+ несовпадения (ni_percent, cu_percent, pt_percent, pd_percent, sio2_percent, se_percent)
2026-02-06 17:10:22 - expert_system.recommender - INFO - Всего в БД: 4
2026-02-06 17:10:22 - expert_system.recommender - INFO - Отсеяно по массе (>5%): 2
2026-02-06 17:10:22 - expert_system.recommender - INFO - Отсеяно по химии (>3 элементов): 1
2026-02-06 17:10:22 - expert_system.recommender - INFO - Найдено подходящих кандидатов: 1
2026-02-06 17:10:22 - expert_system.recommender - INFO - ВЫБРАНА ЭТАЛОННАЯ ПАРТИЯ: P-2024-001 (Извлечение: 93.08%)
2026-02-06 17:10:22 - expert_system.recommender - INFO - ---------------------------------------
2026-02-06 17:13:07 - expert_system - INFO - База данных инициализирована
2026-02-06 17:13:09 - expert_system.recommender - INFO - --- Запуск поиска эталонной партии ---
2026-02-06 17:13:09 - expert_system.recommender - INFO - Входные данные: Масса=1042.08кг, Ni=1.57%, Pd=33.62%
2026-02-06 17:13:09 - expert_system.recommender - DEBUG - Партия P-2024-002 отклонена: 4+ несовпадения (ni_percent, cu_percent, pt_percent, pd_percent, sio2_percent, se_percent)
2026-02-06 17:13:09 - expert_system.recommender - INFO - Всего в БД: 4
2026-02-06 17:13:09 - expert_system.recommender - INFO - Отсеяно по массе (>5%): 2
2026-02-06 17:13:09 - expert_system.recommender - INFO - Отсеяно по химии (>3 элементов): 1
2026-02-06 17:13:09 - expert_system.recommender - INFO - Найдено подходящих кандидатов: 1
2026-02-06 17:13:09 - expert_system.recommender - INFO - ВЫБРАНА ЭТАЛОННАЯ ПАРТИЯ: P-2024-001 (Извлечение: 93.08%)
2026-02-06 17:13:09 - expert_system.recommender - INFO - ---------------------------------------
2026-02-06 17:13:46 - expert_system - INFO - База данных инициализирована
2026-02-06 17:13:47 - expert_system.recommender - INFO - --- Запуск поиска эталонной партии ---
2026-02-06 17:13:47 - expert_system.recommender - INFO - Входные данные: Масса=1042.08кг, Ni=1.57%, Pd=33.62%
2026-02-06 17:13:47 - expert_system.recommender - DEBUG - Партия P-2024-002 отклонена: 4+ несовпадения (ni_percent, cu_percent, pt_percent, pd_percent, sio2_percent, se_percent)
2026-02-06 17:13:47 - expert_system.recommender - INFO - Всего в БД: 4
2026-02-06 17:13:47 - expert_system.recommender - INFO - Отсеяно по массе (>5%): 2
2026-02-06 17:13:47 - expert_system.recommender - INFO - Отсеяно по химии (>3 элементов): 1
2026-02-06 17:13:47 - expert_system.recommender - INFO - Найдено подходящих кандидатов: 1
2026-02-06 17:13:47 - expert_system.recommender - INFO - ВЫБРАНА ЭТАЛОННАЯ ПАРТИЯ: P-2024-001 (Извлечение: 93.08%)
2026-02-06 17:13:47 - expert_system.recommender - INFO - ---------------------------------------
2026-02-06 17:13:57 - expert_system - INFO - База данных инициализирована
2026-02-06 17:13:58 - expert_system.recommender - INFO - --- Запуск поиска эталонной партии ---
2026-02-06 17:13:58 - expert_system.recommender - INFO - Входные данные: Масса=1042.08кг, Ni=1.57%, Pd=33.62%
2026-02-06 17:13:58 - expert_system.recommender - DEBUG - Партия P-2024-002 отклонена: 4+ несовпадения (ni_percent, cu_percent, pt_percent, pd_percent, sio2_percent, se_percent)
2026-02-06 17:13:58 - expert_system.recommender - INFO - Всего в БД: 4
2026-02-06 17:13:58 - expert_system.recommender - INFO - Отсеяно по массе (>5%): 2
2026-02-06 17:13:58 - expert_system.recommender - INFO - Отсеяно по химии (>3 элементов): 1
2026-02-06 17:13:58 - expert_system.recommender - INFO - Найдено подходящих кандидатов: 1
2026-02-06 17:13:58 - expert_system.recommender - INFO - ВЫБРАНА ЭТАЛОННАЯ ПАРТИЯ: P-2024-001 (Извлечение: 93.08%)
2026-02-06 17:13:58 - expert_system.recommender - INFO - ---------------------------------------
2026-02-06 17:14:09 - expert_system - INFO - База данных инициализирована
2026-02-06 17:14:10 - expert_system.recommender - INFO - --- Запуск поиска эталонной партии ---
2026-02-06 17:14:10 - expert_system.recommender - INFO - Входные данные: Масса=1042.08кг, Ni=1.57%, Pd=33.62%
2026-02-06 17:14:10 - expert_system.recommender - DEBUG - Партия P-2024-002 отклонена: 4+ несовпадения (ni_percent, cu_percent, pt_percent, pd_percent, sio2_percent, se_percent)
2026-02-06 17:14:10 - expert_system.recommender - INFO - Всего в БД: 4
2026-02-06 17:14:10 - expert_system.recommender - INFO - Отсеяно по массе (>5%): 2
2026-02-06 17:14:10 - expert_system.recommender - INFO - Отсеяно по химии (>3 элементов): 1
2026-02-06 17:14:10 - expert_system.recommender - INFO - Найдено подходящих кандидатов: 1
2026-02-06 17:14:10 - expert_system.recommender - INFO - ВЫБРАНА ЭТАЛОННАЯ ПАРТИЯ: P-2024-001 (Извлечение: 93.08%)
2026-02-06 17:14:10 - expert_system.recommender - INFO - ---------------------------------------
2026-02-06 17:14:17 - expert_system - INFO - База данных инициализирована
2026-02-06 17:14:19 - expert_system.recommender - INFO - --- Запуск поиска эталонной партии ---
2026-02-06 17:14:19 - expert_system.recommender - INFO - Входные данные: Масса=1042.08кг, Ni=1.57%, Pd=33.62%
2026-02-06 17:14:19 - expert_system.recommender - DEBUG - Партия P-2024-002 отклонена: 4+ несовпадения (ni_percent, cu_percent, pt_percent, pd_percent, sio2_percent, se_percent)
2026-02-06 17:14:19 - expert_system.recommender - INFO - Всего в БД: 4
2026-02-06 17:14:19 - expert_system.recommender - INFO - Отсеяно по массе (>5%): 2
2026-02-06 17:14:19 - expert_system.recommender - INFO - Отсеяно по химии (>3 элементов): 1
2026-02-06 17:14:19 - expert_system.recommender - INFO - Найдено подходящих кандидатов: 1
2026-02-06 17:14:19 - expert_system.recommender - INFO - ВЫБРАНА ЭТАЛОННАЯ ПАРТИЯ: P-2024-001 (Извлечение: 93.08%)
2026-02-06 17:14:19 - expert_system.recommender - INFO - ---------------------------------------
2026-02-06 17:17:07 - expert_system - INFO - База данных инициализирована
2026-02-06 17:24:30 - expert_system.recommender - INFO - --- Запуск поиска эталонной партии ---
2026-02-06 17:24:30 - expert_system.recommender - INFO - Входные данные: Масса=1042.08кг, Ni=1.57%, Pd=33.62%
2026-02-06 17:24:30 - expert_system.recommender - DEBUG - Партия P-2024-002 отклонена: 4+ несовпадения (ni_percent, cu_percent, pt_percent, pd_percent, sio2_percent, se_percent)
2026-02-06 17:24:30 - expert_system.recommender - INFO - Всего в БД: 4
2026-02-06 17:24:30 - expert_system.recommender - INFO - Отсеяно по массе (>5%): 2
2026-02-06 17:24:30 - expert_system.recommender - INFO - Отсеяно по химии (>3 элементов): 1
2026-02-06 17:24:30 - expert_system.recommender - INFO - Найдено подходящих кандидатов: 1
2026-02-06 17:24:30 - expert_system.recommender - INFO - ВЫБРАНА ЭТАЛОННАЯ ПАРТИЯ: P-2024-001 (Извлечение: 93.08%)
2026-02-06 17:24:30 - expert_system.recommender - INFO - ---------------------------------------
2026-02-06 17:25:24 - expert_system - INFO - База данных инициализирована
2026-02-06 17:25:25 - expert_system.recommender - INFO - --- Запуск поиска эталонной партии ---
2026-02-06 17:25:25 - expert_system.recommender - INFO - Входные данные: Масса=1042.08кг, Ni=1.57%, Pd=33.62%
2026-02-06 17:25:25 - expert_system.recommender - DEBUG - Партия P-2024-002 отклонена: 4+ несовпадения (ni_percent, cu_percent, pt_percent, pd_percent, sio2_percent, se_percent)
2026-02-06 17:25:25 - expert_system.recommender - INFO - Всего в БД: 4
2026-02-06 17:25:25 - expert_system.recommender - INFO - Отсеяно по массе (>5%): 2
2026-02-06 17:25:25 - expert_system.recommender - INFO - Отсеяно по химии (>3 элементов): 1
2026-02-06 17:25:25 - expert_system.recommender - INFO - Найдено подходящих кандидатов: 1
2026-02-06 17:25:25 - expert_system.recommender - INFO - ВЫБРАНА ЭТАЛОННАЯ ПАРТИЯ: P-2024-001 (Извлечение: 93.08%)
2026-02-06 17:25:25 - expert_system.recommender - INFO - ---------------------------------------
2026-02-06 17:25:46 - expert_system - INFO - База данных инициализирована
2026-02-06 17:25:50 - expert_system.recommender - INFO - --- Запуск поиска эталонной партии ---
2026-02-06 17:25:50 - expert_system.recommender - INFO - Входные данные: Масса=1042.08кг, Ni=1.57%, Pd=33.62%
2026-02-06 17:25:50 - expert_system.recommender - DEBUG - Партия P-2024-002 отклонена: 4+ несовпадения (ni_percent, cu_percent, pt_percent, pd_percent, sio2_percent, se_percent)
2026-02-06 17:25:50 - expert_system.recommender - INFO - Всего в БД: 4
2026-02-06 17:25:50 - expert_system.recommender - INFO - Отсеяно по массе (>5%): 2
2026-02-06 17:25:50 - expert_system.recommender - INFO - Отсеяно по химии (>3 элементов): 1
2026-02-06 17:25:50 - expert_system.recommender - INFO - Найдено подходящих кандидатов: 1
2026-02-06 17:25:50 - expert_system.recommender - INFO - ВЫБРАНА ЭТАЛОННАЯ ПАРТИЯ: P-2024-001 (Извлечение: 93.08%)
2026-02-06 17:25:50 - expert_system.recommender - INFO - ---------------------------------------
2026-02-06 17:28:16 - expert_system - INFO - База данных инициализирована
2026-02-06 17:28:24 - expert_system.recommender - INFO - --- Запуск поиска эталонной партии ---
2026-02-06 17:28:24 - expert_system.recommender - INFO - Входные данные: Масса=1042.08кг, Ni=1.57%, Pd=33.62%
2026-02-06 17:28:24 - expert_system.recommender - DEBUG - Партия P-2024-002 отклонена: 4+ несовпадения (ni_percent, cu_percent, pt_percent, pd_percent, sio2_percent, se_percent)
2026-02-06 17:28:24 - expert_system.recommender - INFO - Всего в БД: 4
2026-02-06 17:28:24 - expert_system.recommender - INFO - Отсеяно по массе (>5%): 2
2026-02-06 17:28:24 - expert_system.recommender - INFO - Отсеяно по химии (>3 элементов): 1
2026-02-06 17:28:24 - expert_system.recommender - INFO - Найдено подходящих кандидатов: 1
2026-02-06 17:28:24 - expert_system.recommender - INFO - ВЫБРАНА ЭТАЛОННАЯ ПАРТИЯ: P-2024-001 (Извлечение: 93.08%)
2026-02-06 17:28:24 - expert_system.recommender - INFO - ---------------------------------------
2026-02-06 17:32:30 - expert_system - INFO - База данных инициализирована
2026-02-06 17:32:31 - expert_system.recommender - INFO - --- Запуск поиска эталонной партии ---
2026-02-06 17:32:31 - expert_system.recommender - INFO - Входные данные: Масса=1042.08кг, Ni=1.57%, Pd=33.62%
2026-02-06 17:32:31 - expert_system.recommender - DEBUG - Партия P-2024-002 отклонена: 4+ несовпадения (ni_percent, cu_percent, pt_percent, pd_percent, sio2_percent, se_percent)
2026-02-06 17:32:31 - expert_system.recommender - INFO - Всего в БД: 4
2026-02-06 17:32:31 - expert_system.recommender - INFO - Отсеяно по массе (>5%): 2
2026-02-06 17:32:31 - expert_system.recommender - INFO - Отсеяно по химии (>3 элементов): 1
2026-02-06 17:32:31 - expert_system.recommender - INFO - Найдено подходящих кандидатов: 1
2026-02-06 17:32:31 - expert_system.recommender - INFO - ВЫБРАНА ЭТАЛОННАЯ ПАРТИЯ: P-2024-001 (Извлечение: 93.08%)
2026-02-06 17:32:31 - expert_system.recommender - INFO - ---------------------------------------
2026-02-06 17:34:47 - expert_system - INFO - База данных инициализирована
2026-02-06 17:34:48 - expert_system.recommender - INFO - --- Запуск поиска эталонной партии ---
2026-02-06 17:34:48 - expert_system.recommender - INFO - Входные данные: Масса=1042.08кг, Ni=1.57%, Pd=33.62%
2026-02-06 17:34:48 - expert_system.recommender - DEBUG - Партия P-2024-002 отклонена: 4+ несовпадения (ni_percent, cu_percent, pt_percent, pd_percent, sio2_percent, se_percent)
2026-02-06 17:34:48 - expert_system.recommender - INFO - Всего в БД: 4
2026-02-06 17:34:48 - expert_system.recommender - INFO - Отсеяно по массе (>5%): 2
2026-02-06 17:34:48 - expert_system.recommender - INFO - Отсеяно по химии (>3 элементов): 1
2026-02-06 17:34:48 - expert_system.recommender - INFO - Найдено подходящих кандидатов: 1
2026-02-06 17:34:48 - expert_system.recommender - INFO - ВЫБРАНА ЭТАЛОННАЯ ПАРТИЯ: P-2024-001 (Извлечение: 93.08%)
2026-02-06 17:34:48 - expert_system.recommender - INFO - ---------------------------------------
2026-02-06 17:36:34 - expert_system - INFO - База данных инициализирована
2026-02-06 17:36:35 - expert_system.recommender - INFO - --- Запуск поиска эталонной партии ---
2026-02-06 17:36:35 - expert_system.recommender - INFO - Входные данные: Масса=1042.08кг, Ni=1.57%, Pd=33.62%
2026-02-06 17:36:35 - expert_system.recommender - DEBUG - Партия P-2024-002 отклонена: 4+ несовпадения (ni_percent, cu_percent, pt_percent, pd_percent, sio2_percent, se_percent)
2026-02-06 17:36:35 - expert_system.recommender - INFO - Всего в БД: 4
2026-02-06 17:36:35 - expert_system.recommender - INFO - Отсеяно по массе (>5%): 2
2026-02-06 17:36:35 - expert_system.recommender - INFO - Отсеяно по химии (>3 элементов): 1
2026-02-06 17:36:35 - expert_system.recommender - INFO - Найдено подходящих кандидатов: 1
2026-02-06 17:36:35 - expert_system.recommender - INFO - ВЫБРАНА ЭТАЛОННАЯ ПАРТИЯ: P-2024-001 (Извлечение: 93.08%)
2026-02-06 17:36:35 - expert_system.recommender - INFO - ---------------------------------------
2026-02-06 17:42:47 - expert_system - INFO - База данных инициализирована
2026-02-06 17:42:48 - expert_system.recommender - INFO - --- Запуск поиска эталонной партии ---
2026-02-06 17:42:48 - expert_system.recommender - INFO - Входные данные: Масса=1042.08кг, Ni=1.57%, Pd=33.62%
2026-02-06 17:42:48 - expert_system.recommender - DEBUG - Партия P-2024-002 отклонена: 4+ несовпадения (ni_percent, cu_percent, pt_percent, pd_percent, sio2_percent, se_percent)
2026-02-06 17:42:48 - expert_system.recommender - INFO - Всего в БД: 4
2026-02-06 17:42:48 - expert_system.recommender - INFO - Отсеяно по массе (>5%): 2
2026-02-06 17:42:48 - expert_system.recommender - INFO - Отсеяно по химии (>3 элементов): 1
2026-02-06 17:42:48 - expert_system.recommender - INFO - Найдено подходящих кандидатов: 1
2026-02-06 17:42:48 - expert_system.recommender - INFO - ВЫБРАНА ЭТАЛОННАЯ ПАРТИЯ: P-2024-001 (Извлечение: 93.08%)
2026-02-06 17:42:48 - expert_system.recommender - INFO - ---------------------------------------
2026-02-06 17:44:37 - expert_system - INFO - База данных инициализирована
2026-02-06 17:44:39 - expert_system.recommender - INFO - --- Запуск поиска эталонной партии ---
2026-02-06 17:44:39 - expert_system.recommender - INFO - Входные данные: Масса=1042.08кг, Ni=1.57%, Pd=33.62%
2026-02-06 17:44:39 - expert_system.recommender - DEBUG - Партия P-2024-002 отклонена: 4+ несовпадения (ni_percent, cu_percent, pt_percent, pd_percent, sio2_percent, se_percent)
2026-02-06 17:44:39 - expert_system.recommender - INFO - Всего в БД: 4
2026-02-06 17:44:39 - expert_system.recommender - INFO - Отсеяно по массе (>5%): 2
2026-02-06 17:44:39 - expert_system.recommender - INFO - Отсеяно по химии (>3 элементов): 1
2026-02-06 17:44:39 - expert_system.recommender - INFO - Найдено подходящих кандидатов: 1
2026-02-06 17:44:39 - expert_system.recommender - INFO - ВЫБРАНА ЭТАЛОННАЯ ПАРТИЯ: P-2024-001 (Извлечение: 93.08%)
2026-02-06 17:44:39 - expert_system.recommender - INFO - ---------------------------------------
2026-02-06 17:53:19 - expert_system - INFO - База данных инициализирована
2026-02-06 17:53:32 - expert_system - INFO - База данных инициализирована
2026-02-06 17:57:43 - expert_system - INFO - База данных инициализирована
2026-02-06 17:57:55 - expert_system - INFO - База данных инициализирована
2026-02-06 18:06:39 - expert_system - INFO - База данных инициализирована
2026-02-06 18:06:40 - expert_system.recommender - INFO - --- Запуск поиска эталонной партии ---
2026-02-06 18:06:40 - expert_system.recommender - INFO - Входные данные: Масса=1042.08кг, Ni=1.57%, Pd=33.62%
2026-02-06 18:06:40 - expert_system.recommender - DEBUG - Партия P-2024-002 отклонена: 4+ несовпадения (ni_percent, cu_percent, pt_percent, pd_percent, sio2_percent, se_percent)
2026-02-06 18:06:40 - expert_system.recommender - INFO - Всего в БД: 4
2026-02-06 18:06:40 - expert_system.recommender - INFO - Отсеяно по массе (>5%): 2
2026-02-06 18:06:40 - expert_system.recommender - INFO - Отсеяно по химии (>3 элементов): 1
2026-02-06 18:06:40 - expert_system.recommender - INFO - Найдено подходящих кандидатов: 1
2026-02-06 18:06:40 - expert_system.recommender - INFO - ВЫБРАНА ЭТАЛОННАЯ ПАРТИЯ: P-2024-001 (Извлечение: 93.08%)
2026-02-06 18:06:40 - expert_system.recommender - INFO - ---------------------------------------
2026-02-06 18:09:14 - expert_system - INFO - База данных инициализирована
2026-02-06 18:09:16 - expert_system.recommender - INFO - --- Запуск поиска эталонной партии ---
2026-02-06 18:09:16 - expert_system.recommender - INFO - Входные данные: Масса=1042.08кг, Ni=1.57%, Pd=33.62%
2026-02-06 18:09:16 - expert_system.recommender - DEBUG - Партия P-2024-002 отклонена: 4+ несовпадения (ni_percent, cu_percent, pt_percent, pd_percent, sio2_percent, se_percent)
2026-02-06 18:09:16 - expert_system.recommender - INFO - Всего в БД: 4
2026-02-06 18:09:16 - expert_system.recommender - INFO - Отсеяно по массе (>5%): 2
2026-02-06 18:09:16 - expert_system.recommender - INFO - Отсеяно по химии (>3 элементов): 1
2026-02-06 18:09:16 - expert_system.recommender - INFO - Найдено подходящих кандидатов: 1
2026-02-06 18:09:16 - expert_system.recommender - INFO - ВЫБРАНА ЭТАЛОННАЯ ПАРТИЯ: P-2024-001 (Извлечение: 93.08%)
2026-02-06 18:09:16 - expert_system.recommender - INFO - ---------------------------------------
2026-02-06 18:09:33 - expert_system - INFO - База данных инициализирована
2026-02-06 18:10:55 - expert_system - INFO - База данных инициализирована
2026-02-06 18:10:56 - expert_system.recommender - INFO - --- Запуск поиска эталонной партии ---
2026-02-06 18:10:56 - expert_system.recommender - INFO - Входные данные: Масса=1042.08кг, Ni=1.57%, Pd=33.62%
2026-02-06 18:10:56 - expert_system.recommender - DEBUG - Партия P-2024-002 отклонена: 4+ несовпадения (ni_percent, cu_percent, pt_percent, pd_percent, sio2_percent, se_percent)
2026-02-06 18:10:56 - expert_system.recommender - INFO - Всего в БД: 4
2026-02-06 18:10:56 - expert_system.recommender - INFO - Отсеяно по массе (>5%): 2
2026-02-06 18:10:56 - expert_system.recommender - INFO - Отсеяно по химии (>3 элементов): 1
2026-02-06 18:10:56 - expert_system.recommender - INFO - Найдено подходящих кандидатов: 1
2026-02-06 18:10:56 - expert_system.recommender - INFO - ВЫБРАНА ЭТАЛОННАЯ ПАРТИЯ: P-2024-001 (Извлечение: 93.08%)
2026-02-06 18:10:56 - expert_system.recommender - INFO - ---------------------------------------
