2026-02-09 11:13:59 - expert_system - INFO - База данных инициализирована
2026-02-09 11:14:04 - expert_system.recommender - INFO - --- Запуск поиска эталонной партии ---
2026-02-09 11:14:04 - expert_system.recommender - INFO - Входные данные: Масса=1042.08кг, Ni=1.57%, Pd=33.62%
2026-02-09 11:14:04 - expert_system.recommender - DEBUG - Партия P-2024-002 отклонена: 4+ несовпадения (ni_percent, cu_percent, pt_percent, pd_percent, sio2_percent, se_percent)
2026-02-09 11:14:04 - expert_system.recommender - INFO - Всего в БД: 4
2026-02-09 11:14:04 - expert_system.recommender - INFO - Отсеяно по массе (>5%): 2
2026-02-09 11:14:04 - expert_system.recommender - INFO - Отсеяно по химии (>3 элементов): 1
2026-02-09 11:14:04 - expert_system.recommender - INFO - Найдено подходящих кандидатов: 1
2026-02-09 11:14:04 - expert_system.recommender - INFO - ВЫБРАНА ЭТАЛОННАЯ ПАРТИЯ: P-2024-001 (Извлечение: 93.08%)
2026-02-09 11:14:04 - expert_system.recommender - INFO - ---------------------------------------
2026-02-09 11:19:22 - expert_system - INFO - База данных инициализирована
2026-02-09 11:19:58 - expert_system.recommender - INFO - --- Запуск поиска эталонной партии ---
2026-02-09 11:19:58 - expert_system.recommender - INFO - Входные данные: Масса=1042.08кг, Ni=1.57%, Pd=33.62%
2026-02-09 11:19:58 - expert_system.recommender - DEBUG - Партия P-2024-002 отклонена: 4+ несовпадения (ni_percent, cu_percent, pt_percent, pd_percent, sio2_percent, se_percent)
2026-02-09 11:19:58 - expert_system.recommender - INFO - Всего в БД: 4
2026-02-09 11:19:58 - expert_system.recommender - INFO - Отсеяно по массе (>5%): 2
2026-02-09 11:19:58 - expert_system.recommender - INFO - Отсеяно по химии (>3 элементов): 1
2026-02-09 11:19:58 - expert_system.recommender - INFO - Найдено подходящих кандидатов: 1
2026-02-09 11:19:58 - expert_system.recommender - INFO - ВЫБРАНА ЭТАЛОННАЯ ПАРТИЯ: P-2024-001 (Извлечение: 93.08%)
2026-02-09 11:19:58 - expert_system.recommender - INFO - ---------------------------------------
2026-02-09 11:20:10 - expert_system - INFO - База данных инициализирована
2026-02-09 11:20:11 - expert_system.recommender - INFO - --- Запуск поиска эталонной партии ---
2026-02-09 11:20:11 - expert_system.recommender - INFO - Входные данные: Масса=1042.08кг, Ni=1.57%, Pd=33.62%
2026-02-09 11:20:11 - expert_system.recommender - DEBUG - Партия P-2024-002 отклонена: 4+ несовпадения (ni_percent, cu_percent, pt_percent, pd_percent, sio2_percent, se_percent)
2026-02-09 11:20:11 - expert_system.recommender - INFO - Всего в БД: 4
2026-02-09 11:20:11 - expert_system.recommender - INFO - Отсеяно по массе (>5%): 2
2026-02-09 11:20:11 - expert_system.recommender - INFO - Отсеяно по химии (>3 элементов): 1
2026-02-09 11:20:11 - expert_system.recommender - INFO - Найдено подходящих кандидатов: 1
2026-02-09 11:20:11 - expert_system.recommender - INFO - ВЫБРАНА ЭТАЛОННАЯ ПАРТИЯ: P-2024-001 (Извлечение: 93.08%)
2026-02-09 11:20:11 - expert_system.recommender - INFO - ---------------------------------------
2026-02-09 12:19:45 - expert_system - INFO - База данных инициализирована
2026-02-09 12:19:46 - expert_system.recommender - INFO - --- Запуск поиска эталонной партии ---
2026-02-09 12:19:46 - expert_system.recommender - INFO - Входные данные: Масса=1042.08кг, Ni=1.57%, Pd=33.62%
2026-02-09 12:19:46 - expert_system.recommender - DEBUG - Партия P-2024-002 отклонена: 4+ несовпадения (ni_percent, cu_percent, pt_percent, pd_percent, sio2_percent, se_percent)
2026-02-09 12:19:46 - expert_system.recommender - INFO - Всего в БД: 4
2026-02-09 12:19:46 - expert_system.recommender - INFO - Отсеяно по массе (>5%): 2
2026-02-09 12:19:46 - expert_system.recommender - INFO - Отсеяно по химии (>3 элементов): 1
2026-02-09 12:19:46 - expert_system.recommender - INFO - Найдено подходящих кандидатов: 1
2026-02-09 12:19:46 - expert_system.recommender - INFO - ВЫБРАНА ЭТАЛОННАЯ ПАРТИЯ: P-2024-001 (Извлечение: 93.08%)
2026-02-09 12:19:46 - expert_system.recommender - INFO - ---------------------------------------
2026-02-09 12:20:06 - expert_system - INFO - База данных инициализирована
2026-02-09 12:20:08 - expert_system.recommender - INFO - --- Запуск поиска эталонной партии ---
2026-02-09 12:20:08 - expert_system.recommender - INFO - Входные данные: Масса=1042.08кг, Ni=1.57%, Pd=33.62%
2026-02-09 12:20:08 - expert_system.recommender - DEBUG - Партия P-2024-002 отклонена: 4+ несовпадения (ni_percent, cu_percent, pt_percent, pd_percent, sio2_percent, se_percent)
2026-02-09 12:20:08 - expert_system.recommender - INFO - Всего в БД: 4
2026-02-09 12:20:08 - expert_system.recommender - INFO - Отсеяно по массе (>5%): 2
2026-02-09 12:20:08 - expert_system.recommender - INFO - Отсеяно по химии (>3 элементов): 1
2026-02-09 12:20:08 - expert_system.recommender - INFO - Найдено подходящих кандидатов: 1
2026-02-09 12:20:08 - expert_system.recommender - INFO - ВЫБРАНА ЭТАЛОННАЯ ПАРТИЯ: P-2024-001 (Извлечение: 93.08%)
2026-02-09 12:20:08 - expert_system.recommender - INFO - ---------------------------------------
2026-02-09 12:22:28 - expert_system - INFO - База данных инициализирована
2026-02-09 12:22:43 - expert_system - INFO - База данных инициализирована
2026-02-09 12:23:10 - expert_system - INFO - База данных инициализирована
2026-02-09 12:24:06 - expert_system - INFO - База данных инициализирована
2026-02-09 12:24:08 - expert_system.recommender - INFO - --- Запуск поиска эталонной партии ---
2026-02-09 12:24:08 - expert_system.recommender - INFO - Входные данные: Масса=1042.08кг, Ni=1.57%, Pd=33.62%
2026-02-09 12:24:08 - expert_system.recommender - DEBUG - Партия P-2024-002 отклонена: 4+ несовпадения (ni_percent, cu_percent, pt_percent, pd_percent, sio2_percent, se_percent)
2026-02-09 12:24:08 - expert_system.recommender - INFO - Всего в БД: 4
2026-02-09 12:24:08 - expert_system.recommender - INFO - Отсеяно по массе (>5%): 2
2026-02-09 12:24:08 - expert_system.recommender - INFO - Отсеяно по химии (>3 элементов): 1
2026-02-09 12:24:08 - expert_system.recommender - INFO - Найдено подходящих кандидатов: 1
2026-02-09 12:24:08 - expert_system.recommender - INFO - ВЫБРАНА ЭТАЛОННАЯ ПАРТИЯ: P-2024-001 (Извлечение: 93.08%)
2026-02-09 12:24:08 - expert_system.recommender - INFO - ---------------------------------------
2026-02-09 12:27:59 - expert_system - INFO - База данных инициализирована
2026-02-09 12:28:00 - expert_system.recommender - INFO - --- Запуск поиска эталонной партии ---
2026-02-09 12:28:00 - expert_system.recommender - INFO - Входные данные: Масса=1042.08кг, Ni=1.57%, Pd=33.62%
2026-02-09 12:28:00 - expert_system.recommender - DEBUG - Партия P-2024-002 отклонена: 4+ несовпадения (ni_percent, cu_percent, pt_percent, pd_percent, sio2_percent, se_percent)
2026-02-09 12:28:00 - expert_system.recommender - INFO - Всего в БД: 4
2026-02-09 12:28:00 - expert_system.recommender - INFO - Отсеяно по массе (>5%): 2
2026-02-09 12:28:00 - expert_system.recommender - INFO - Отсеяно по химии (>3 элементов): 1
2026-02-09 12:28:00 - expert_system.recommender - INFO - Найдено подходящих кандидатов: 1
2026-02-09 12:28:00 - expert_system.recommender - INFO - ВЫБРАНА ЭТАЛОННАЯ ПАРТИЯ: P-2024-001 (Извлечение: 93.08%)
2026-02-09 12:28:00 - expert_system.recommender - INFO - ---------------------------------------
2026-02-09 12:29:12 - expert_system - INFO - База данных инициализирована
2026-02-09 12:29:13 - expert_system.recommender - INFO - --- Запуск поиска эталонной партии ---
2026-02-09 12:29:13 - expert_system.recommender - INFO - Входные данные: Масса=1042.08кг, Ni=1.57%, Pd=33.62%
2026-02-09 12:29:13 - expert_system.recommender - DEBUG - Партия P-2024-002 отклонена: 4+ несовпадения (ni_percent, cu_percent, pt_percent, pd_percent, sio2_percent, se_percent)
2026-02-09 12:29:13 - expert_system.recommender - INFO - Всего в БД: 4
2026-02-09 12:29:13 - expert_system.recommender - INFO - Отсеяно по массе (>5%): 2
2026-02-09 12:29:13 - expert_system.recommender - INFO - Отсеяно по химии (>3 элементов): 1
2026-02-09 12:29:13 - expert_system.recommender - INFO - Найдено подходящих кандидатов: 1
2026-02-09 12:29:13 - expert_system.recommender - INFO - ВЫБРАНА ЭТАЛОННАЯ ПАРТИЯ: P-2024-001 (Извлечение: 93.08%)
2026-02-09 12:29:13 - expert_system.recommender - INFO - ---------------------------------------
2026-02-09 12:29:31 - expert_system - INFO - База данных инициализирована
2026-02-09 12:29:33 - expert_system.recommender - INFO - --- Запуск поиска эталонной партии ---
2026-02-09 12:29:33 - expert_system.recommender - INFO - Входные данные: Масса=1042.08кг, Ni=1.57%, Pd=33.62%
2026-02-09 12:29:33 - expert_system.recommender - DEBUG - Партия P-2024-002 отклонена: 4+ несовпадения (ni_percent, cu_percent, pt_percent, pd_percent, sio2_percent, se_percent)
2026-02-09 12:29:33 - expert_system.recommender - INFO - Всего в БД: 4
2026-02-09 12:29:33 - expert_system.recommender - INFO - Отсеяно по массе (>5%): 2
2026-02-09 12:29:33 - expert_system.recommender - INFO - Отсеяно по химии (>3 элементов): 1
2026-02-09 12:29:33 - expert_system.recommender - INFO - Найдено подходящих кандидатов: 1
2026-02-09 12:29:33 - expert_system.recommender - INFO - ВЫБРАНА ЭТАЛОННАЯ ПАРТИЯ: P-2024-001 (Извлечение: 93.08%)
2026-02-09 12:29:33 - expert_system.recommender - INFO - ---------------------------------------
2026-02-09 12:31:48 - expert_system - INFO - База данных инициализирована
2026-02-09 12:31:49 - expert_system.recommender - INFO - --- Запуск поиска эталонной партии ---
2026-02-09 12:31:49 - expert_system.recommender - INFO - Входные данные: Масса=1042.08кг, Ni=1.57%, Pd=33.62%
2026-02-09 12:31:49 - expert_system.recommender - DEBUG - Партия P-2024-002 отклонена: 4+ несовпадения (ni_percent, cu_percent, pt_percent, pd_percent, sio2_percent, se_percent)
2026-02-09 12:31:49 - expert_system.recommender - INFO - Всего в БД: 4
2026-02-09 12:31:49 - expert_system.recommender - INFO - Отсеяно по массе (>5%): 2
2026-02-09 12:31:49 - expert_system.recommender - INFO - Отсеяно по химии (>3 элементов): 1
2026-02-09 12:31:49 - expert_system.recommender - INFO - Найдено подходящих кандидатов: 1
2026-02-09 12:31:49 - expert_system.recommender - INFO - ВЫБРАНА ЭТАЛОННАЯ ПАРТИЯ: P-2024-001 (Извлечение: 93.08%)
2026-02-09 12:31:49 - expert_system.recommender - INFO - ---------------------------------------
2026-02-09 12:36:31 - expert_system - INFO - База данных инициализирована
2026-02-09 12:36:32 - expert_system.recommender - INFO - --- Запуск поиска эталонной партии ---
2026-02-09 12:36:32 - expert_system.recommender - INFO - Входные данные: Масса=1042.08кг, Ni=1.57%, Pd=33.62%
2026-02-09 12:36:32 - expert_system.recommender - DEBUG - Партия P-2024-002 отклонена: 4+ несовпадения (ni_percent, cu_percent, pt_percent, pd_percent, sio2_percent, se_percent)
2026-02-09 12:36:32 - expert_system.recommender - INFO - Всего в БД: 4
2026-02-09 12:36:32 - expert_system.recommender - INFO - Отсеяно по массе (>5%): 2
2026-02-09 12:36:32 - expert_system.recommender - INFO - Отсеяно по химии (>3 элементов): 1
2026-02-09 12:36:32 - expert_system.recommender - INFO - Найдено подходящих кандидатов: 1
2026-02-09 12:36:32 - expert_system.recommender - INFO - ВЫБРАНА ЭТАЛОННАЯ ПАРТИЯ: P-2024-001 (Извлечение: 93.08%)
2026-02-09 12:36:32 - expert_system.recommender - INFO - ---------------------------------------
2026-02-09 12:44:44 - expert_system - INFO - База данных инициализирована
2026-02-09 12:44:45 - expert_system.recommender - INFO - --- Запуск поиска эталонной партии ---
2026-02-09 12:44:45 - expert_system.recommender - INFO - Входные данные: Масса=1042.08кг, Ni=1.57%, Pd=33.62%
2026-02-09 12:44:45 - expert_system.recommender - DEBUG - Партия P-2024-002 отклонена: 4+ несовпадения (ni_percent, cu_percent, pt_percent, pd_percent, sio2_percent, se_percent)
2026-02-09 12:44:45 - expert_system.recommender - INFO - Всего в БД: 4
2026-02-09 12:44:45 - expert_system.recommender - INFO - Отсеяно по массе (>5%): 2
2026-02-09 12:44:45 - expert_system.recommender - INFO - Отсеяно по химии (>3 элементов): 1
2026-02-09 12:44:45 - expert_system.recommender - INFO - Найдено подходящих кандидатов: 1
2026-02-09 12:44:45 - expert_system.recommender - INFO - ВЫБРАНА ЭТАЛОННАЯ ПАРТИЯ: P-2024-001 (Извлечение: 93.08%)
2026-02-09 12:44:45 - expert_system.recommender - INFO - ---------------------------------------
2026-02-09 12:45:05 - expert_system - INFO - База данных инициализирована
2026-02-09 12:45:06 - expert_system.recommender - INFO - --- Запуск поиска эталонной партии ---
2026-02-09 12:45:06 - expert_system.recommender - INFO - Входные данные: Масса=1042.08кг, Ni=1.57%, Pd=33.62%
2026-02-09 12:45:06 - expert_system.recommender - DEBUG - Партия P-2024-002 отклонена: 4+ несовпадения (ni_percent, cu_percent, pt_percent, pd_percent, sio2_percent, se_percent)
2026-02-09 12:45:06 - expert_system.recommender - INFO - Всего в БД: 4
2026-02-09 12:45:06 - expert_system.recommender - INFO - Отсеяно по массе (>5%): 2
2026-02-09 12:45:06 - expert_system.recommender - INFO - Отсеяно по химии (>3 элементов): 1
2026-02-09 12:45:06 - expert_system.recommender - INFO - Найдено подходящих кандидатов: 1
2026-02-09 12:45:06 - expert_system.recommender - INFO - ВЫБРАНА ЭТАЛОННАЯ ПАРТИЯ: P-2024-001 (Извлечение: 93.08%)
2026-02-09 12:45:06 - expert_system.recommender - INFO - ---------------------------------------
2026-02-09 12:45:17 - expert_system.recommender - INFO - --- Запуск поиска эталонной партии ---
2026-02-09 12:45:17 - expert_system.recommender - INFO - Входные данные: Масса=1042.08кг, Ni=1.57%, Pd=33.62%
2026-02-09 12:45:17 - expert_system.recommender - DEBUG - Партия P-2024-002 отклонена: 4+ несовпадения (ni_percent, cu_percent, pt_percent, pd_percent, sio2_percent, se_percent)
2026-02-09 12:45:17 - expert_system.recommender - INFO - Всего в БД: 4
2026-02-09 12:45:17 - expert_system.recommender - INFO - Отсеяно по массе (>5%): 2
2026-02-09 12:45:17 - expert_system.recommender - INFO - Отсеяно по химии (>3 элементов): 1
2026-02-09 12:45:17 - expert_system.recommender - INFO - Найдено подходящих кандидатов: 1
2026-02-09 12:45:17 - expert_system.recommender - INFO - ВЫБРАНА ЭТАЛОННАЯ ПАРТИЯ: P-2024-001 (Извлечение: 93.08%)
2026-02-09 12:45:17 - expert_system.recommender - INFO - ---------------------------------------
2026-02-09 12:50:57 - expert_system - INFO - База данных инициализирована
2026-02-09 12:50:58 - expert_system.recommender - INFO - --- Запуск поиска эталонной партии ---
2026-02-09 12:50:58 - expert_system.recommender - INFO - Входные данные: Масса=1042.08кг, Ni=1.57%, Pd=33.62%
2026-02-09 12:50:58 - expert_system.recommender - DEBUG - Партия P-2024-002 отклонена: 4+ несовпадения (ni_percent, cu_percent, pt_percent, pd_percent, sio2_percent, se_percent)
2026-02-09 12:50:58 - expert_system.recommender - INFO - Всего в БД: 4
2026-02-09 12:50:58 - expert_system.recommender - INFO - Отсеяно по массе (>5%): 2
2026-02-09 12:50:58 - expert_system.recommender - INFO - Отсеяно по химии (>3 элементов): 1
2026-02-09 12:50:58 - expert_system.recommender - INFO - Найдено подходящих кандидатов: 1
2026-02-09 12:50:58 - expert_system.recommender - INFO - ВЫБРАНА ЭТАЛОННАЯ ПАРТИЯ: P-2024-001 (Извлечение: 93.08%)
2026-02-09 12:50:58 - expert_system.recommender - INFO - ---------------------------------------
2026-02-09 12:52:25 - expert_system - INFO - База данных инициализирована
2026-02-09 12:52:27 - expert_system.recommender - INFO - --- Запуск поиска эталонной партии ---
2026-02-09 12:52:27 - expert_system.recommender - INFO - Входные данные: Масса=1042.08кг, Ni=1.57%, Pd=33.62%
2026-02-09 12:52:27 - expert_system.recommender - DEBUG - Партия P-2024-002 отклонена: 4+ несовпадения (ni_percent, cu_percent, pt_percent, pd_percent, sio2_percent, se_percent)
2026-02-09 12:52:27 - expert_system.recommender - INFO - Всего в БД: 4
2026-02-09 12:52:27 - expert_system.recommender - INFO - Отсеяно по массе (>5%): 2
2026-02-09 12:52:27 - expert_system.recommender - INFO - Отсеяно по химии (>3 элементов): 1
2026-02-09 12:52:27 - expert_system.recommender - INFO - Найдено подходящих кандидатов: 1
2026-02-09 12:52:27 - expert_system.recommender - INFO - ВЫБРАНА ЭТАЛОННАЯ ПАРТИЯ: P-2024-001 (Извлечение: 93.08%)
2026-02-09 12:52:27 - expert_system.recommender - INFO - ---------------------------------------
2026-02-09 13:01:54 - expert_system - INFO - База данных инициализирована
2026-02-09 13:03:02 - expert_system - INFO - База данных инициализирована
2026-02-09 13:05:34 - expert_system - INFO - База данных инициализирована
2026-02-09 13:05:35 - expert_system.recommender - INFO - --- Запуск поиска эталонной партии ---
2026-02-09 13:05:35 - expert_system.recommender - INFO - Входные данные: Масса=1042.08кг, Ni=1.57%, Pd=33.62%
2026-02-09 13:05:35 - expert_system.recommender - DEBUG - Партия P-2024-002 отклонена: 4+ несовпадения (ni_percent, cu_percent, pt_percent, pd_percent, sio2_percent, se_percent)
2026-02-09 13:05:35 - expert_system.recommender - INFO - Всего в БД: 4
2026-02-09 13:05:35 - expert_system.recommender - INFO - Отсеяно по массе (>5%): 2
2026-02-09 13:05:35 - expert_system.recommender - INFO - Отсеяно по химии (>3 элементов): 1
2026-02-09 13:05:35 - expert_system.recommender - INFO - Найдено подходящих кандидатов: 1
2026-02-09 13:05:35 - expert_system.recommender - INFO - ВЫБРАНА ЭТАЛОННАЯ ПАРТИЯ: P-2024-001 (Извлечение: 93.08%)
2026-02-09 13:05:35 - expert_system.recommender - INFO - ---------------------------------------
2026-02-09 13:05:40 - expert_system.recommender - INFO - --- Запуск поиска эталонной партии ---
2026-02-09 13:05:40 - expert_system.recommender - INFO - Входные данные: Масса=1042.08кг, Ni=1.57%, Pd=33.62%
2026-02-09 13:05:40 - expert_system.recommender - DEBUG - Партия P-2024-002 отклонена: 4+ несовпадения (ni_percent, cu_percent, pt_percent, pd_percent, sio2_percent, se_percent)
2026-02-09 13:05:40 - expert_system.recommender - INFO - Всего в БД: 4
2026-02-09 13:05:40 - expert_system.recommender - INFO - Отсеяно по массе (>5%): 2
2026-02-09 13:05:40 - expert_system.recommender - INFO - Отсеяно по химии (>3 элементов): 1
2026-02-09 13:05:40 - expert_system.recommender - INFO - Найдено подходящих кандидатов: 1
2026-02-09 13:05:40 - expert_system.recommender - INFO - ВЫБРАНА ЭТАЛОННАЯ ПАРТИЯ: P-2024-001 (Извлечение: 93.08%)
2026-02-09 13:05:40 - expert_system.recommender - INFO - ---------------------------------------
2026-02-09 13:09:11 - expert_system - INFO - База данных инициализирована
2026-02-09 13:11:15 - expert_system - INFO - База данных инициализирована
2026-02-09 13:11:16 - expert_system.recommender - INFO - --- Запуск поиска эталонной партии ---
2026-02-09 13:11:16 - expert_system.recommender - INFO - Входные данные: Масса=1042.08кг, Ni=1.57%, Pd=33.62%
2026-02-09 13:11:16 - expert_system.recommender - DEBUG - Партия P-2024-002 отклонена: 4+ несовпадения (ni_percent, cu_percent, pt_percent, pd_percent, sio2_percent, se_percent)
2026-02-09 13:11:16 - expert_system.recommender - INFO - Всего в БД: 4
2026-02-09 13:11:16 - expert_system.recommender - INFO - Отсеяно по массе (>5%): 2
2026-02-09 13:11:16 - expert_system.recommender - INFO - Отсеяно по химии (>3 элементов): 1
2026-02-09 13:11:16 - expert_system.recommender - INFO - Найдено подходящих кандидатов: 1
2026-02-09 13:11:16 - expert_system.recommender - INFO - ВЫБРАНА ЭТАЛОННАЯ ПАРТИЯ: P-2024-001 (Извлечение: 93.08%)
2026-02-09 13:11:16 - expert_system.recommender - INFO - ---------------------------------------
2026-02-09 13:11:24 - expert_system.recommender - INFO - --- Запуск поиска эталонной партии ---
2026-02-09 13:11:24 - expert_system.recommender - INFO - Входные данные: Масса=1042.08кг, Ni=1.57%, Pd=33.62%
2026-02-09 13:11:24 - expert_system.recommender - DEBUG - Партия P-2024-002 отклонена: 4+ несовпадения (ni_percent, cu_percent, pt_percent, pd_percent, sio2_percent, se_percent)
2026-02-09 13:11:24 - expert_system.recommender - INFO - Всего в БД: 4
2026-02-09 13:11:24 - expert_system.recommender - INFO - Отсеяно по массе (>5%): 2
2026-02-09 13:11:24 - expert_system.recommender - INFO - Отсеяно по химии (>3 элементов): 1
2026-02-09 13:11:24 - expert_system.recommender - INFO - Найдено подходящих кандидатов: 1
2026-02-09 13:11:24 - expert_system.recommender - INFO - ВЫБРАНА ЭТАЛОННАЯ ПАРТИЯ: P-2024-001 (Извлечение: 93.08%)
2026-02-09 13:11:24 - expert_system.recommender - INFO - ---------------------------------------
2026-02-09 13:17:44 - expert_system - INFO - База данных инициализирована
2026-02-09 13:17:45 - expert_system.recommender - INFO - --- Запуск поиска эталонной партии ---
2026-02-09 13:17:45 - expert_system.recommender - INFO - Входные данные: Масса=1042.08кг, Ni=1.57%, Pd=33.62%
2026-02-09 13:17:45 - expert_system.recommender - DEBUG - Партия P-2024-002 отклонена: 4+ несовпадения (ni_percent, cu_percent, pt_percent, pd_percent, sio2_percent, se_percent)
2026-02-09 13:17:45 - expert_system.recommender - INFO - Всего в БД: 4
2026-02-09 13:17:45 - expert_system.recommender - INFO - Отсеяно по массе (>5%): 2
2026-02-09 13:17:45 - expert_system.recommender - INFO - Отсеяно по химии (>3 элементов): 1
2026-02-09 13:17:45 - expert_system.recommender - INFO - Найдено подходящих кандидатов: 1
2026-02-09 13:17:45 - expert_system.recommender - INFO - ВЫБРАНА ЭТАЛОННАЯ ПАРТИЯ: P-2024-001 (Извлечение: 93.08%)
2026-02-09 13:17:45 - expert_system.recommender - INFO - ---------------------------------------
2026-02-09 13:17:49 - expert_system.recommender - INFO - --- Запуск поиска эталонной партии ---
2026-02-09 13:17:49 - expert_system.recommender - INFO - Входные данные: Масса=1042.08кг, Ni=1.57%, Pd=33.62%
2026-02-09 13:17:49 - expert_system.recommender - DEBUG - Партия P-2024-002 отклонена: 4+ несовпадения (ni_percent, cu_percent, pt_percent, pd_percent, sio2_percent, se_percent)
2026-02-09 13:17:49 - expert_system.recommender - INFO - Всего в БД: 4
2026-02-09 13:17:49 - expert_system.recommender - INFO - Отсеяно по массе (>5%): 2
2026-02-09 13:17:49 - expert_system.recommender - INFO - Отсеяно по химии (>3 элементов): 1
2026-02-09 13:17:49 - expert_system.recommender - INFO - Найдено подходящих кандидатов: 1
2026-02-09 13:17:49 - expert_system.recommender - INFO - ВЫБРАНА ЭТАЛОННАЯ ПАРТИЯ: P-2024-001 (Извлечение: 93.08%)
2026-02-09 13:17:49 - expert_system.recommender - INFO - ---------------------------------------
2026-02-09 13:18:46 - expert_system - INFO - База данных инициализирована
2026-02-09 13:18:48 - expert_system.recommender - INFO - --- Запуск поиска эталонной партии ---
2026-02-09 13:18:48 - expert_system.recommender - INFO - Входные данные: Масса=1042.08кг, Ni=1.57%, Pd=33.62%
2026-02-09 13:18:48 - expert_system.recommender - DEBUG - Партия P-2024-002 отклонена: 4+ несовпадения (ni_percent, cu_percent, pt_percent, pd_percent, sio2_percent, se_percent)
2026-02-09 13:18:48 - expert_system.recommender - INFO - Всего в БД: 4
2026-02-09 13:18:48 - expert_system.recommender - INFO - Отсеяно по массе (>5%): 2
2026-02-09 13:18:48 - expert_system.recommender - INFO - Отсеяно по химии (>3 элементов): 1
2026-02-09 13:18:48 - expert_system.recommender - INFO - Найдено подходящих кандидатов: 1
2026-02-09 13:18:48 - expert_system.recommender - INFO - ВЫБРАНА ЭТАЛОННАЯ ПАРТИЯ: P-2024-001 (Извлечение: 93.08%)
2026-02-09 13:18:48 - expert_system.recommender - INFO - ---------------------------------------
2026-02-09 13:19:00 - expert_system.recommender - INFO - --- Запуск поиска эталонной партии ---
2026-02-09 13:19:00 - expert_system.recommender - INFO - Входные данные: Масса=1042.08кг, Ni=1.57%, Pd=33.62%
2026-02-09 13:19:00 - expert_system.recommender - DEBUG - Партия P-2024-002 отклонена: 4+ несовпадения (ni_percent, cu_percent, pt_percent, pd_percent, sio2_percent, se_percent)
2026-02-09 13:19:00 - expert_system.recommender - INFO - Всего в БД: 4
2026-02-09 13:19:00 - expert_system.recommender - INFO - Отсеяно по массе (>5%): 2
2026-02-09 13:19:00 - expert_system.recommender - INFO - Отсеяно по химии (>3 элементов): 1
2026-02-09 13:19:00 - expert_system.recommender - INFO - Найдено подходящих кандидатов: 1
2026-02-09 13:19:00 - expert_system.recommender - INFO - ВЫБРАНА ЭТАЛОННАЯ ПАРТИЯ: P-2024-001 (Извлечение: 93.08%)
2026-02-09 13:19:00 - expert_system.recommender - INFO - ---------------------------------------
2026-02-09 13:25:05 - expert_system - INFO - База данных инициализирована
2026-02-09 13:25:06 - expert_system.recommender - INFO - --- Запуск поиска эталонной партии ---
2026-02-09 13:25:06 - expert_system.recommender - INFO - Входные данные: Масса=1042.08кг, Ni=1.57%, Pd=33.62%
2026-02-09 13:25:06 - expert_system.recommender - DEBUG - Партия P-2024-002 отклонена: 4+ несовпадения (ni_percent, cu_percent, pt_percent, pd_percent, sio2_percent, se_percent)
2026-02-09 13:25:06 - expert_system.recommender - INFO - Всего в БД: 4
2026-02-09 13:25:06 - expert_system.recommender - INFO - Отсеяно по массе (>5%): 2
2026-02-09 13:25:06 - expert_system.recommender - INFO - Отсеяно по химии (>3 элементов): 1
2026-02-09 13:25:06 - expert_system.recommender - INFO - Найдено подходящих кандидатов: 1
2026-02-09 13:25:06 - expert_system.recommender - INFO - ВЫБРАНА ЭТАЛОННАЯ ПАРТИЯ: P-2024-001 (Извлечение: 93.08%)
2026-02-09 13:25:06 - expert_system.recommender - INFO - ---------------------------------------
2026-02-09 13:25:14 - expert_system.recommender - INFO - --- Запуск поиска эталонной партии ---
2026-02-09 13:25:14 - expert_system.recommender - INFO - Входные данные: Масса=1042.08кг, Ni=1.57%, Pd=33.62%
2026-02-09 13:25:14 - expert_system.recommender - DEBUG - Партия P-2024-002 отклонена: 4+ несовпадения (ni_percent, cu_percent, pt_percent, pd_percent, sio2_percent, se_percent)
2026-02-09 13:25:14 - expert_system.recommender - INFO - Всего в БД: 4
2026-02-09 13:25:14 - expert_system.recommender - INFO - Отсеяно по массе (>5%): 2
2026-02-09 13:25:14 - expert_system.recommender - INFO - Отсеяно по химии (>3 элементов): 1
2026-02-09 13:25:14 - expert_system.recommender - INFO - Найдено подходящих кандидатов: 1
2026-02-09 13:25:14 - expert_system.recommender - INFO - ВЫБРАНА ЭТАЛОННАЯ ПАРТИЯ: P-2024-001 (Извлечение: 93.08%)
2026-02-09 13:25:14 - expert_system.recommender - INFO - ---------------------------------------
2026-02-09 15:01:15 - expert_system - INFO - База данных инициализирована
2026-02-09 15:01:16 - expert_system.recommender - INFO - --- Запуск поиска эталонной партии ---
2026-02-09 15:01:16 - expert_system.recommender - INFO - Входные данные: Масса=1042.08кг, Ni=1.57%, Pd=33.62%
2026-02-09 15:01:16 - expert_system.recommender - DEBUG - Партия P-2024-002 отклонена: 4+ несовпадения (ni_percent, cu_percent, pt_percent, pd_percent, sio2_percent, se_percent)
2026-02-09 15:01:16 - expert_system.recommender - INFO - Всего в БД: 4
2026-02-09 15:01:16 - expert_system.recommender - INFO - Отсеяно по массе (>5%): 2
2026-02-09 15:01:16 - expert_system.recommender - INFO - Отсеяно по химии (>3 элементов): 1
2026-02-09 15:01:16 - expert_system.recommender - INFO - Найдено подходящих кандидатов: 1
2026-02-09 15:01:16 - expert_system.recommender - INFO - ВЫБРАНА ЭТАЛОННАЯ ПАРТИЯ: P-2024-001 (Извлечение: 93.08%)
2026-02-09 15:01:16 - expert_system.recommender - INFO - ---------------------------------------
2026-02-09 15:01:51 - expert_system - INFO - База данных инициализирована
2026-02-09 15:01:52 - expert_system.recommender - INFO - --- Запуск поиска эталонной партии ---
2026-02-09 15:01:52 - expert_system.recommender - INFO - Входные данные: Масса=1042.08кг, Ni=1.57%, Pd=33.62%
2026-02-09 15:01:52 - expert_system.recommender - DEBUG - Партия P-2024-002 отклонена: 4+ несовпадения (ni_percent, cu_percent, pt_percent, pd_percent, sio2_percent, se_percent)
2026-02-09 15:01:52 - expert_system.recommender - INFO - Всего в БД: 4
2026-02-09 15:01:52 - expert_system.recommender - INFO - Отсеяно по массе (>5%): 2
2026-02-09 15:01:52 - expert_system.recommender - INFO - Отсеяно по химии (>3 элементов): 1
2026-02-09 15:01:52 - expert_system.recommender - INFO - Найдено подходящих кандидатов: 1
2026-02-09 15:01:52 - expert_system.recommender - INFO - ВЫБРАНА ЭТАЛОННАЯ ПАРТИЯ: P-2024-001 (Извлечение: 93.08%)
2026-02-09 15:01:52 - expert_system.recommender - INFO - ---------------------------------------
2026-02-09 15:02:20 - expert_system - INFO - База данных инициализирована
2026-02-09 15:02:26 - expert_system.recommender - INFO - --- Запуск поиска эталонной партии ---
2026-02-09 15:02:26 - expert_system.recommender - INFO - Входные данные: Масса=1042.08кг, Ni=1.57%, Pd=33.62%
2026-02-09 15:02:26 - expert_system.recommender - DEBUG - Партия P-2024-002 отклонена: 4+ несовпадения (ni_percent, cu_percent, pt_percent, pd_percent, sio2_percent, se_percent)
2026-02-09 15:02:26 - expert_system.recommender - INFO - Всего в БД: 4
2026-02-09 15:02:26 - expert_system.recommender - INFO - Отсеяно по массе (>5%): 2
2026-02-09 15:02:26 - expert_system.recommender - INFO - Отсеяно по химии (>3 элементов): 1
2026-02-09 15:02:26 - expert_system.recommender - INFO - Найдено подходящих кандидатов: 1
2026-02-09 15:02:26 - expert_system.recommender - INFO - ВЫБРАНА ЭТАЛОННАЯ ПАРТИЯ: P-2024-001 (Извлечение: 93.08%)
2026-02-09 15:02:26 - expert_system.recommender - INFO - ---------------------------------------
2026-02-09 15:03:34 - expert_system - INFO - База данных инициализирована
2026-02-09 15:03:37 - expert_system.recommender - INFO - --- Запуск поиска эталонной партии ---
2026-02-09 15:03:37 - expert_system.recommender - INFO - Входные данные: Масса=1042.08кг, Ni=1.57%, Pd=33.62%
2026-02-09 15:03:37 - expert_system.recommender - DEBUG - Партия P-2024-002 отклонена: 4+ несовпадения (ni_percent, cu_percent, pt_percent, pd_percent, sio2_percent, se_percent)
2026-02-09 15:03:37 - expert_system.recommender - INFO - Всего в БД: 4
2026-02-09 15:03:37 - expert_system.recommender - INFO - Отсеяно по массе (>5%): 2
2026-02-09 15:03:37 - expert_system.recommender - INFO - Отсеяно по химии (>3 элементов): 1
2026-02-09 15:03:37 - expert_system.recommender - INFO - Найдено подходящих кандидатов: 1
2026-02-09 15:03:37 - expert_system.recommender - INFO - ВЫБРАНА ЭТАЛОННАЯ ПАРТИЯ: P-2024-001 (Извлечение: 93.08%)
2026-02-09 15:03:37 - expert_system.recommender - INFO - ---------------------------------------
2026-02-09 15:19:49 - expert_system - INFO - База данных инициализирована
2026-02-09 15:19:50 - expert_system.recommender - INFO - --- Запуск поиска эталонной партии ---
2026-02-09 15:19:50 - expert_system.recommender - INFO - Входные данные: Масса=1042.08кг, Ni=1.57%, Pd=33.62%
2026-02-09 15:19:50 - expert_system.recommender - DEBUG - Партия P-2024-002 отклонена: 4+ несовпадения (ni_percent, cu_percent, pt_percent, pd_percent, sio2_percent, se_percent)
2026-02-09 15:19:50 - expert_system.recommender - INFO - Всего в БД: 4
2026-02-09 15:19:50 - expert_system.recommender - INFO - Отсеяно по массе (>5%): 2
2026-02-09 15:19:50 - expert_system.recommender - INFO - Отсеяно по химии (>3 элементов): 1
2026-02-09 15:19:50 - expert_system.recommender - INFO - Найдено подходящих кандидатов: 1
2026-02-09 15:19:50 - expert_system.recommender - INFO - ВЫБРАНА ЭТАЛОННАЯ ПАРТИЯ: P-2024-001 (Извлечение: 93.08%)
2026-02-09 15:19:50 - expert_system.recommender - INFO - ---------------------------------------
2026-02-09 15:33:17 - expert_system - INFO - База данных инициализирована
2026-02-09 15:33:19 - expert_system.recommender - INFO - --- Запуск поиска эталонной партии ---
2026-02-09 15:33:19 - expert_system.recommender - INFO - Входные данные: Масса=1042.08кг, Ni=1.57%, Pd=33.62%
2026-02-09 15:33:19 - expert_system.recommender - DEBUG - Партия P-2024-002 отклонена: 4+ несовпадения (ni_percent, cu_percent, pt_percent, pd_percent, sio2_percent, se_percent)
2026-02-09 15:33:19 - expert_system.recommender - INFO - Всего в БД: 4
2026-02-09 15:33:19 - expert_system.recommender - INFO - Отсеяно по массе (>5%): 2
2026-02-09 15:33:19 - expert_system.recommender - INFO - Отсеяно по химии (>3 элементов): 1
2026-02-09 15:33:19 - expert_system.recommender - INFO - Найдено подходящих кандидатов: 1
2026-02-09 15:33:19 - expert_system.recommender - INFO - ВЫБРАНА ЭТАЛОННАЯ ПАРТИЯ: P-2024-001 (Извлечение: 93.08%)
2026-02-09 15:33:19 - expert_system.recommender - INFO - ---------------------------------------
2026-02-09 15:37:28 - expert_system.recommender - INFO - --- Запуск поиска эталонной партии ---
2026-02-09 15:37:28 - expert_system.recommender - INFO - Входные данные: Масса=1042.08кг, Ni=1.57%, Pd=33.62%
2026-02-09 15:37:28 - expert_system.recommender - DEBUG - Партия P-2024-002 отклонена: 4+ несовпадения (ni_percent, cu_percent, pt_percent, pd_percent, sio2_percent, se_percent)
2026-02-09 15:37:28 - expert_system.recommender - INFO - Всего в БД: 4
2026-02-09 15:37:28 - expert_system.recommender - INFO - Отсеяно по массе (>5%): 2
2026-02-09 15:37:28 - expert_system.recommender - INFO - Отсеяно по химии (>3 элементов): 1
2026-02-09 15:37:28 - expert_system.recommender - INFO - Найдено подходящих кандидатов: 1
2026-02-09 15:37:28 - expert_system.recommender - INFO - ВЫБРАНА ЭТАЛОННАЯ ПАРТИЯ: P-2024-001 (Извлечение: 93.08%)
2026-02-09 15:37:28 - expert_system.recommender - INFO - ---------------------------------------
2026-02-09 15:41:34 - expert_system - INFO - База данных инициализирована
2026-02-09 15:41:36 - expert_system.recommender - INFO - --- Запуск поиска эталонной партии ---
2026-02-09 15:41:36 - expert_system.recommender - INFO - Входные данные: Масса=1042.08кг, Ni=1.57%, Pd=33.62%
2026-02-09 15:41:36 - expert_system.recommender - DEBUG - Партия P-2024-002 отклонена: 4+ несовпадения (ni_percent, cu_percent, pt_percent, pd_percent, sio2_percent, se_percent)
2026-02-09 15:41:36 - expert_system.recommender - INFO - Всего в БД: 4
2026-02-09 15:41:36 - expert_system.recommender - INFO - Отсеяно по массе (>5%): 2
2026-02-09 15:41:36 - expert_system.recommender - INFO - Отсеяно по химии (>3 элементов): 1
2026-02-09 15:41:36 - expert_system.recommender - INFO - Найдено подходящих кандидатов: 1
2026-02-09 15:41:36 - expert_system.recommender - INFO - ВЫБРАНА ЭТАЛОННАЯ ПАРТИЯ: P-2024-001 (Извлечение: 93.08%)
2026-02-09 15:41:36 - expert_system.recommender - INFO - ---------------------------------------
2026-02-09 15:41:51 - expert_system - INFO - База данных инициализирована
2026-02-09 15:41:52 - expert_system.recommender - INFO - --- Запуск поиска эталонной партии ---
2026-02-09 15:41:52 - expert_system.recommender - INFO - Входные данные: Масса=1042.08кг, Ni=1.57%, Pd=33.62%
2026-02-09 15:41:52 - expert_system.recommender - DEBUG - Партия P-2024-002 отклонена: 4+ несовпадения (ni_percent, cu_percent, pt_percent, pd_percent, sio2_percent, se_percent)
2026-02-09 15:41:52 - expert_system.recommender - INFO - Всего в БД: 4
2026-02-09 15:41:52 - expert_system.recommender - INFO - Отсеяно по массе (>5%): 2
2026-02-09 15:41:52 - expert_system.recommender - INFO - Отсеяно по химии (>3 элементов): 1
2026-02-09 15:41:52 - expert_system.recommender - INFO - Найдено подходящих кандидатов: 1
2026-02-09 15:41:52 - expert_system.recommender - INFO - ВЫБРАНА ЭТАЛОННАЯ ПАРТИЯ: P-2024-001 (Извлечение: 93.08%)
2026-02-09 15:41:52 - expert_system.recommender - INFO - ---------------------------------------
2026-02-09 15:42:09 - expert_system - INFO - База данных инициализирована
2026-02-09 15:42:12 - expert_system.recommender - INFO - --- Запуск поиска эталонной партии ---
2026-02-09 15:42:12 - expert_system.recommender - INFO - Входные данные: Масса=1042.08кг, Ni=1.57%, Pd=33.62%
2026-02-09 15:42:12 - expert_system.recommender - DEBUG - Партия P-2024-002 отклонена: 4+ несовпадения (ni_percent, cu_percent, pt_percent, pd_percent, sio2_percent, se_percent)
2026-02-09 15:42:12 - expert_system.recommender - INFO - Всего в БД: 4
2026-02-09 15:42:12 - expert_system.recommender - INFO - Отсеяно по массе (>5%): 2
2026-02-09 15:42:12 - expert_system.recommender - INFO - Отсеяно по химии (>3 элементов): 1
2026-02-09 15:42:12 - expert_system.recommender - INFO - Найдено подходящих кандидатов: 1
2026-02-09 15:42:12 - expert_system.recommender - INFO - ВЫБРАНА ЭТАЛОННАЯ ПАРТИЯ: P-2024-001 (Извлечение: 93.08%)
2026-02-09 15:42:12 - expert_system.recommender - INFO - ---------------------------------------
2026-02-09 15:42:19 - expert_system - INFO - База данных инициализирована
2026-02-09 15:42:22 - expert_system.recommender - INFO - --- Запуск поиска эталонной партии ---
2026-02-09 15:42:22 - expert_system.recommender - INFO - Входные данные: Масса=1042.08кг, Ni=1.57%, Pd=33.62%
2026-02-09 15:42:22 - expert_system.recommender - DEBUG - Партия P-2024-002 отклонена: 4+ несовпадения (ni_percent, cu_percent, pt_percent, pd_percent, sio2_percent, se_percent)
2026-02-09 15:42:22 - expert_system.recommender - INFO - Всего в БД: 4
2026-02-09 15:42:22 - expert_system.recommender - INFO - Отсеяно по массе (>5%): 2
2026-02-09 15:42:22 - expert_system.recommender - INFO - Отсеяно по химии (>3 элементов): 1
2026-02-09 15:42:22 - expert_system.recommender - INFO - Найдено подходящих кандидатов: 1
2026-02-09 15:42:22 - expert_system.recommender - INFO - ВЫБРАНА ЭТАЛОННАЯ ПАРТИЯ: P-2024-001 (Извлечение: 93.08%)
2026-02-09 15:42:22 - expert_system.recommender - INFO - ---------------------------------------
2026-02-09 15:43:25 - expert_system - INFO - База данных инициализирована
2026-02-09 15:43:28 - expert_system.recommender - INFO - --- Запуск поиска эталонной партии ---
2026-02-09 15:43:28 - expert_system.recommender - INFO - Входные данные: Масса=1042.08кг, Ni=1.57%, Pd=33.62%
2026-02-09 15:43:28 - expert_system.recommender - DEBUG - Партия P-2024-002 отклонена: 4+ несовпадения (ni_percent, cu_percent, pt_percent, pd_percent, sio2_percent, se_percent)
2026-02-09 15:43:28 - expert_system.recommender - INFO - Всего в БД: 4
2026-02-09 15:43:28 - expert_system.recommender - INFO - Отсеяно по массе (>5%): 2
2026-02-09 15:43:28 - expert_system.recommender - INFO - Отсеяно по химии (>3 элементов): 1
2026-02-09 15:43:28 - expert_system.recommender - INFO - Найдено подходящих кандидатов: 1
2026-02-09 15:43:28 - expert_system.recommender - INFO - ВЫБРАНА ЭТАЛОННАЯ ПАРТИЯ: P-2024-001 (Извлечение: 93.08%)
2026-02-09 15:43:28 - expert_system.recommender - INFO - ---------------------------------------
2026-02-09 15:44:30 - expert_system - INFO - База данных инициализирована
