2026-02-10 12:26:27 - expert_system - INFO - База данных инициализирована
2026-02-10 12:27:12 - expert_system - INFO - База данных инициализирована
2026-02-10 12:27:13 - expert_system.recommender - INFO - --- Запуск поиска эталонной партии ---
2026-02-10 12:27:13 - expert_system.recommender - INFO - Входные данные: Масса=1042.08кг, Ni=1.57%, Pd=33.62%
2026-02-10 12:27:13 - expert_system.recommender - DEBUG - Партия P-2024-002 отклонена: 4+ несовпадения (ni_percent, cu_percent, pt_percent, pd_percent, sio2_percent, se_percent)
2026-02-10 12:27:13 - expert_system.recommender - INFO - Всего в БД: 4
2026-02-10 12:27:13 - expert_system.recommender - INFO - Отсеяно по массе (>5%): 2
2026-02-10 12:27:13 - expert_system.recommender - INFO - Отсеяно по химии (>3 элементов): 1
2026-02-10 12:27:13 - expert_system.recommender - INFO - Найдено подходящих кандидатов: 1
2026-02-10 12:27:13 - expert_system.recommender - INFO - ВЫБРАНА ЭТАЛОННАЯ ПАРТИЯ: P-2024-001 (Извлечение: 93.08%)
2026-02-10 12:27:13 - expert_system.recommender - INFO - ---------------------------------------
2026-02-10 12:35:35 - expert_system - INFO - База данных инициализирована
2026-02-10 12:39:13 - expert_system - INFO - База данных инициализирована
2026-02-10 12:40:36 - expert_system - INFO - База данных инициализирована
2026-02-10 12:41:30 - expert_system - INFO - База данных инициализирована
2026-02-10 13:09:35 - expert_system - INFO - База данных инициализирована
2026-02-10 13:09:52 - expert_system - INFO - База данных инициализирована
2026-02-10 13:09:54 - expert_system.recommender - INFO - --- Запуск поиска эталонной партии ---
2026-02-10 13:09:54 - expert_system.recommender - INFO - Входные данные: Масса=1042.08кг, Ni=1.57%, Pd=33.62%
2026-02-10 13:09:54 - expert_system.recommender - DEBUG - Партия P-2024-002 отклонена: 4+ несовпадения (ni_percent, cu_percent, pt_percent, pd_percent, sio2_percent, se_percent)
2026-02-10 13:09:54 - expert_system.recommender - INFO - Всего в БД: 4
2026-02-10 13:09:54 - expert_system.recommender - INFO - Отсеяно по массе (>5%): 2
2026-02-10 13:09:54 - expert_system.recommender - INFO - Отсеяно по химии (>3 элементов): 1
2026-02-10 13:09:54 - expert_system.recommender - INFO - Найдено подходящих кандидатов: 1
2026-02-10 13:09:54 - expert_system.recommender - INFO - ВЫБРАНА ЭТАЛОННАЯ ПАРТИЯ: P-2024-001 (Извлечение: 93.08%)
2026-02-10 13:09:54 - expert_system.recommender - INFO - ---------------------------------------
2026-02-10 13:12:03 - expert_system - INFO - База данных инициализирована
2026-02-10 13:12:19 - expert_system - INFO - База данных инициализирована
2026-02-10 13:13:42 - expert_system - INFO - База данных инициализирована
2026-02-10 13:13:56 - expert_system - INFO - База данных инициализирована
2026-02-10 13:31:17 - expert_system - INFO - База данных инициализирована
2026-02-10 13:47:34 - expert_system - INFO - База данных инициализирована
2026-02-10 13:51:36 - expert_system - INFO - Партия Test успешно сохранена/обновлена.
2026-02-10 13:51:36 - expert_system - ERROR - Ошибка добавления процессных данных: 'timestamp'
2026-02-10 13:52:19 - expert_system - INFO - База данных инициализирована
2026-02-10 13:53:30 - expert_system - INFO - База данных инициализирована
2026-02-10 13:55:15 - expert_system - INFO - База данных инициализирована
2026-02-10 13:57:37 - expert_system - INFO - База данных инициализирована
2026-02-10 17:37:23 - expert_system - INFO - База данных инициализирована
2026-02-10 17:40:21 - expert_system - INFO - Партия Test1 успешно сохранена/обновлена.
2026-02-10 17:40:21 - expert_system - INFO - Добавлено 19720 записей для партии Test1
2026-02-10 17:44:52 - expert_system - INFO - База данных инициализирована
2026-02-10 17:59:58 - expert_system - INFO - База данных инициализирована
2026-02-10 18:00:18 - expert_system - INFO - База данных инициализирована
2026-02-10 18:01:03 - expert_system - INFO - База данных инициализирована
2026-02-10 18:02:50 - expert_system - INFO - Партия Test2 успешно сохранена/обновлена.
2026-02-10 18:02:50 - expert_system - INFO - Добавлено 19720 записей для партии Test2
2026-02-10 18:28:03 - expert_system - INFO - База данных инициализирована
2026-02-10 18:29:40 - expert_system - INFO - База данных инициализирована
2026-02-10 18:32:30 - expert_system - INFO - База данных инициализирована
2026-02-10 18:33:12 - expert_system - INFO - Партия Test3 успешно сохранена/обновлена.
2026-02-10 18:33:12 - expert_system - INFO - Добавлено 19719 записей для партии Test3
2026-02-10 18:35:48 - expert_system - INFO - База данных инициализирована
2026-02-10 18:36:31 - expert_system - INFO - Партия Test4 успешно сохранена/обновлена.
2026-02-10 18:36:31 - expert_system - INFO - Добавлено 19720 записей для партии Test4
2026-02-10 18:38:18 - expert_system - INFO - База данных инициализирована
2026-02-10 18:38:49 - expert_system - INFO - Партия Test5 успешно сохранена/обновлена.
2026-02-10 18:38:49 - expert_system - INFO - Добавлено 19719 записей для партии Test5
